8q8+asWuz0BZnJ3+bnZNKqK6fAoq+ZmDq9ORmGd+jS8jziXE81Q52opDobMia2DWaC8Wb2YijgDmOh9daYVDy6FGPukaXYOB+6vf/pbNqhoxYW14BGzZULb8BNNIIPgCWittNCp+T3m38+rku0GV52R0G4F79B8zzHslA8z61NS/sdQrOCf1sbu0wA==
CIRpUF3ykPbug+eDinufIDAaTy/e2QC91MouqagsOIT6VrGr9b21Yfij8I9mJvNsZNK62MUmrjVChOY5In2rkfOr1+6+7ZLK6aGViNzMceA+fIyjIECgsuLrteTSnqdpv/Pi9NMh7bc8NKMxoxT3w0T7rbNkWoykx/GMewAH3aGztMg=
Uz4tTmYhv1+N8cka9fI695ObfxYlq3jof/29q1sf4EzxJO1JMAg+X2dB/fCSeYqfK+2MmQMgLOfd76mCPXk0QXbIrnKjNEUWm78HFTcFsrMbSAauQbhu8vBMd+5MMSjUbN3gVdnFWSt9uszFUC5j8f+MPgTDdHRchneSyMJ2CPv/gFA2VX2Vs0hgIQnv03akSfXBHMUXzlvnp1aSbiCtoYafwq+v9Zm04g==
179nq3EcS+Wc1B3CP1Ao7qc8o8LyeLSzEnqX53bs8abp7Ce/66rYzYpSwstiN1JGoieD9TxDm5nBGi9Ma+rUjdmr7M6JoLrXwHDuMWyhiQNkiWQ1M3AmCUJ2t2ATf25AtXQxu7w2o0j4Fi2rC2B5p55FUjAJaZn7+yxfTLQ1
3Swe0HAXGzDHnPo7Oa5D/GKWq/ncGEYCSRxsifk2oei7CXx7woNzMvYYGUI5KO+Ly5/QyZo2qr8iQzoiMqMLQZz3U10R/se4ax48aQlvJHopFDJTUBSGRSzV4Wd0jWwBE0TuzZKSX5STi4akZbD5j5wCq0zockXfSxQRww7B2oSp3VE/K8i3uLTB
/+EBd9fcQhzyP5nqO873c2KWq/ncGEYCSRxsifk2oei7GHR1xIxyYPYYGUI5KO+Ly5DQyZo2qr8iQzoiMqMLQZz3U10R/se4ax48aQlvJHopFDJTUBSGRSzV4Wd0jWwBE0TuzZKSX5STi4akZbD5j5wCq0zockXfSxQRww7B2oSp3VE/K8i3uLTB
cMHXwz+O6/egX0RCm80Kk8wjETBLwNMbMbLerdPqjHyNYYi+wsLj3cwcblYNWMpLaZbivtoMORbGiY70doyxBmkM55/rxZhtCrIC62IXEiYih0MVPGPb+UG676xrChQtWcus7olAendAEK4RbIFJ4+QpJFUzUObpwtb3ABMfLuA1lPGbvFbj6Hj27YsLQDnHHuWS0AlJ2Zt7jJ+stNU=
STaGkgBOfvWwUpom5YnxqV8kLBlgNJPxrewOUdQyX0GSFE/yaoTBFvv/p5WXRdKz849kLuF4TvKQjJdu7HEI1EydgNU5BXkrXXosRTBuQ/HfzJ6EI7QUXKa3Mkiituj7n8DwtvU99bOooIGJTxOWpCm1IZxlV+5bB+c2Es7gjaGmXyIvz7W5tMI=
Lbcah7RU64r9/M3Wmhdw+InoNhVEqiwVBGUORgpFIigvxlMcV60XFEMyruR2nJH2qVyHL2s9OT1KguL7YgdyFuJX42W80zspAcrPvGsaNF0ZG0xeCTDap4AgzgFskanTpHmEpbPghrkCJtcQEw8OEPXEkSs8pkO4OMYNmwtQWffeNTKgifk5Szv8v7y0xQ==
bj+B2rk0OGblNxf2/1k0N/+pdho28ZrQsdGPiHQ5kQwjwyWrlTpQwINWubsdXU2xIGNDOz5GmxzsUjJobYZ2xbpEPukaXYOB+6vf/pbNqhoxYW14BGzZULb8BNNIIPgCWittNCp+T3m38+rku0GV52R0G4F79B8zzHslA8z61NS/sdQrOCf1sbu0wA==
z8Q7tf/fTErSZLnRKwl12eWdns6KzbJQT57j1IhvqZ4mQb7sdpSBzomEd+er94llKvpyc+KP4u4Cj1Mt/JtLcSHy37RrEiRlOUM8Fkl4an9g2F6J7Bk5q8QhNG1zKHZhIh7HGBMHHijVHGHj/G7z4Fi+nROL2MkPPu2C6MmxSRMbxK+0tM0=
wAi/HToH2kWQFsJTvOlx629KpL9Zp5qHYerqRzXGqBbz77/1/zWq86LdzI5ZyMZyGHxvjgSh0BR0raj1IRVxK1VqNGUYXnsxBxx2ZNtEnNwuB4roCuawu+ewmNbtLf2zoLCZaafjbmTxZYk83edm24+XTnKmsNXhnm8KD9elsbTK
zgc3xhBGBMKW48pgwbooHFMlIBR5ddq5svtXXJhtABOQDQ7yaoTBFvv/p5WXRdKz8o5kLuF4TvKQjJdu7HEI1EydgNU5BXkrXXosRTBuQ/HfzJ6EI7QUXKa3Mkiituj7n8DwtvU99bOooIGJTxOWpCm1IZxlV+5bB+c2Es7gjaGmXyIvz7W5tMI=
zX0diHSgP7VoOhPt/rRcSrwwtK5w/6ik0i3D6D1bOiNocl+VYJpRaAspPeMU6XnOwy66ciLbcNKVRUqCSZct8xUdf9CmLZzp2Qro4lKqjFW343Dxmmr/b3eq+UtCuGUjSt3Rv576D+gzv2ni+kvycUfFmyORqSCRTyvC1tObBRZTL99133VK8wwfow55iCZyuLwPDiThMBTUbch1AVWRK7UqFOV4ntsx51xW5LuEPNzOR6poaiYQuwfwuFaN7V2zAPB56YcjDmRRJWm8/ScG2y/XrvKGcLXhPi/qj/dl0bSq
NckOYIOWP4tNMzBQrOcoUrTDD4gD7B8nQKt29KRpBGTcnXIEp2P8SVu+EpKaq7gS3RWSoiGn1fNtLZfw/v1UqZH6UIL6OhTVL3MYUWLat6+/+qGrashdI3Kt+V/Gqscoew+RQpLbavHfVTNDKVlo0Yf7mvY7q30Wqx+3VQclAjPDaRvu0Ri+8iAs565cUfhUnL0QFSmlqSuN2jyFoE6TcS/sLkRTFKRcVtcCiNJW2HtPoGB25d2ls3jAkcnf88YkGdXR3FW3nlu3R8ZSfsD9IfZ/sm/fFem0kg==
ENykAKL3awG638FNtk2JdeOVmmoBJ1mCwis8sdal4PbvXGBt/8J1s5PubzZEIeLLzRH/Ub/xDZYxGUoOhdq2cg180fpT7VsgMwiiVKaJwomOvLoR14es7VdzyTxrLuu06JchfVhc+e6W3Si2SrMM35U5vH/wh2MeKiOKkDPCU2ESGg3ixWmMOM8CUJDJaSteJd0G84bCGUfVkXOKm6606w==
+8ya5bZdpmbCIS6kLrp1SEIJ9qiC1V62Xkmzq7YezIWumeDy51BweefeVde7Al9CfN2ijwXdrwVnLW0y2bU6un1mNvaF8EFuy3H7xJtkEqAe9QJNxvBqxY/bTMk/XzkIExLrsOCbMWlAQNmKvjEYwnJPTJtd9ewrKFsDusKP+iTLftPlmpaddl31LNxnbuBkcRXrmm2R1ifenvljvb2DvuOStO8=
40Ht/p+AboW9bWdXZ8tY5ezkgRUE7WHFOeDpB9k6m1AAIB5gc2XT9PRhod1eIZnT9wJqMh6XTht40cL1qzMeRh+TwZYXJ5Plg20uE23h3/71QCKyPHQDPphZFDRw9RRlzd1VK3Gi2PWkBn8Rw+Tq1LdMuBzKjyaYFt50W2Po5MbB5RkzxPi1eVs76gS1XZXMcW8Cm6ufosI6yJHBmre2n7vtlbTu
Iicwsz+LdkWQEedX+X6odXs7SeOYinzjK6ZccY5RiB/Un6Kf4PDjTnhz2yhFxa8sJ3iQ+4JtIaOH7zt7nQCte+LgMaB2tEEuCSQ3x6sWTwqqWrKT4u+iToJvE038u4vRoZKflGsyZAW54/w2SRgqn+B4Huns+fkLREH0jXMINsGi/gc4EyfeyFW8IcP8jjOA2B5d84u4ia++DcKIyZGJs5uk75S07Q==
cLhEdpE5GDAsPhEwkMa4jGuo6Zlg9sDpvPzXueuyQLV146XzNqqqNlhZN5Z/d1sFO/1205Tdx549sIoyVMTLHoApLPSoZWzFBQ19K1lyEFXclqfR+5Ty9H/80Jxif+74Du6Mmzt4XCYJtXEzLCj9GeOrMkTNbY0sOR+qG0Mv6uIiOKmBwidOP/O9vbTG
G3pOr3vfdUXlmSboijtnOfqAhOXohiQhQr2WVPLmzzuxpytTv8q2Wl0EcXKjNRtPIjFCnBYRQiFeRJoZp99sBcfLqXRbNuucuO+B9aiEuYaG5ch++iuMd0XBnHeA36P2upvq2APaU0lCYq1qNbHMUN86sFh58av29SUm+/aa2a9FKRPCq7a0ww==
L9o94xBWHPr1ydlBe9JBZov68W/98WpjgtI2LjVoITb7aTtYKj1yuC4tgpX26AqdP0OM0Q8HWZCjyutoUANRMXBYGRIOaXjaQpfMQ23tjHOYw8Oi8teavHum0z0qDv0ube3sRNc2gHxBzWtCXYm2f24GOXuN5eMmU0q0Nw==
lY2hYNK9zQcprRHMeBmsW1NZ4ZiKEgDgs1aJm82dnVGw47bcwIZr/PxSIkhdRsZlCsSuSUod0+GLq6+exo36uqHh3di0rOlwpvwUM7jgCOKqq/3U+r6fWYfz2sTrAcWH9PRr4Qu0b1PcezUj/LpkdA8xRIvo5yVRS7Qw
0V7Te8SNnGLDBhOf8Xm2IIn68X7/525jgtI2LjVoITb7aTtWKj1yuC4tgpX26AqdP0OM0Q8HWZCjyutoUANRMXBYGRIOaXjaQpfMQ23tjHOYw8Oi8teavHum0z0qDv0ube3sRNc2gHxBzWtCXYm2f24GOXuN5eMmU0q0Nw==
OT+Utw0D7Va78znmn2ZJmVNZ546WDwDgs1aJm82dnVGw47jcwIZr/PxSIkhdRsZlCsSuSUod0+GLq6+exo36uqHh3di0rOlwpvwUM7jgCOKqq/3U+r6fWYfz2sTrAcWH9PRr4Qu0b1PcezUj/LpkdA8xRIvo5yVRS7Qw
sqk2CDZrgYqiqoT/AUj9tFNZ5piECgDgs1aJm82dnVGw47HdwIZr/PxSIkhdRsZlCsSuSUod0+GLq6+exo36uqHh3di0rOlwpvwUM7jgCOKqq/3U+r6fWYfz2sTrAcWH9PRr4Qu0b1PcezUj/LpkdA8xRIvo5yVRS7Qw
/padu3DwRMzgFUCUydqsKdG7alYX6DxJUSJcGRcKZnsS5Wt1AeFJUBRx/rQ1n8PYrWG9cDBrZXgysc72IwR2GMxX42W80zspAcrPvGsaNF0ZG0xeCTDap4AgzgFskanTpHmEpbPghrkCJtcQEw8OEPXEkSs8pkO4OMYNmAtQWffeNTKgifk5Szv8v7y0xQ==
cXB0Lg+4HChy5YTifyNW1NK3JEcT/nVXVT1aFQpDayk8wQVPSK0LAUkr/uR7kf7/oVv0PHA0OjtKguL7YgdyFuJX42W80zspAcrPvGsaNF0ZG0xeCTDap4AgzgFskanTpHmEpbPghrkCJtcQEw8OEPXEkSs8pkO4OMYNmQtQWffeNTKgifk5Szv8v7y0xQ==
XpHk1838AWyAXgPAGJfrwDe4rV5m8pb8orLIbox/rYWCMODaz9PneAQRAMwk5A1PdXXF0BdJdXD7BVab8Z886FogMj9aZsqvIlPa8nLTa/EcB/PtUa7nqGsOHDlJ34SKqaRSIxDEZlUsxYE3tH2MsZM0Tn1SQn+Ek5umdKUAWf8csku8KCIlzUsE8RNOsbo0KS3xj2uYl6i00Q==
i1fVXqQZOVz/1PYcX7tmHp/klhUEqWHROJvpDp4KhXM1AzVCdVud8MUurdoXEsbB+wklOlCNCkRvzcLVq3pbbCy92owTNOmQ5VRkWXGkgpXGbALMG0EHPa1XDzZw9RRlzd1VK3Gi2PWkBn8Rw+Tq1LdMuBzKjyaYFt50W2Po5MbB5RkzxPi1eVs76gS1XZXMcW8Am6ufosI6yJHBmre2n7vtlbTu
xiZ3jMhz2qshJs7QIn6QmZ/klhUEqWHROJvpDp4KhXM1AzVCdVud8MUurdoXEsbB+wklOlCNCkRvzcLVq3pbbCy92owTNOmQ5VRkWXGkgpXGbALMG0EHPa1XDzZw9RRlzd1VK3Gi2PWkBn8Rw+Tq1LdMuBzKjyaYFt50W2Po5MbB5RkzxPi1eVs76gS1XZXMcW8Hm6ufosI6yJHBmre2n7vtlbTu
i6wFooWWuC6BBo4cNTIVizisMvNcYdexF9FbSvOaKi5RiaqA7QcSmcGabTElRBGIPS159h2wpU/cw6zIyYcfwF2Ws5KtRmzDgmUCdsYf3F8PK+M6fSsQcUdZdaLnMxTbW2drwv8qG1SyZ9jOQywJ6LGYjpGPx1nQIwrrqNBDUfHwGBnSjil4GsLXzAPtLYwzGAPD4nIXmvz7ZtP9qk797u2t7IRXdoC8wY1qAt1Jtj/uxjk7DSXjZtOKtPc=
rHiAKoTCiqF5Cw2iCCy9ebcLFekj4QT0up2yxPX9gLBrucsMzRJ9N9vmgfM8EgNTvrYui1c9GgNVDZcvyBElU3nRqKY+LDO/ZnMPH0PrcbNfaNSoSDK9gK5g5ryua4nTgsQ2nQSVufEyGLS5EpOBAVP/IzjqSKWlfdW3Y72mgoHObfcZN6sTZuL9fnKNgXHQ8DzNqDq8COvc8MxqxosRHP4Oe2H7cyb8j7HBz5jUh2lPpIsLwLqpe9gqoHyj0WjDbBcBKfe0jA==
xYMkl7PI8Ddt/2nqVxDQP98Te6SIm5Pv48bEmKqczxmrh1ehzu8Aen3jkiEH2zBcmMX2WteS5YJkNtdUKJL2oKG2Kr3eZBrx5k2Pif+r2/aa3VYCFUEJAFhcFZhyPMCbBFCkuv7LiayW7sPxM3NubDfRKX8AFL85pwTT+4s6YUuAyggsW5HwM0Q3+bm/tMQ=
P0Hrpnhveafto4OoIryGnjg7SLjITHkZYn8sfE/S2xBjAyfbRCyX/QsiO9O6senhKMqh74xlMuhOXYLllrhKzZ/zDGGv15lAQzrrmLDTkeHQ6Jmirjk4iiLnzDMNvcwjOHNDElIHWmybVtPNyt49/s1dbPR3ZsAsIb5qMj3Z9i/OtrnLLTUj9rO6tMc=
MZ9thlVCV628FF0dOtI0XN/4242Yog+Y1FQMv6lj2N23iAxpRuYQl1yK23QIqlWTytwBm275Kgzp1eHHC5AncLQJ
sIy9rngzaj+FjxV9fDfraRyrzqfl9NBktp70qN8cbH60soyls4gSxMR63fQL0wcrqsTasxvd8Th9Wc0uXtO0i7Yqi3Kvgre6QQq9xn4r6wFhov+kawIENXkznKbJiIrPIIg+mewJ2XsEkVQd85jWkeLO5wgTFz74FezBU3wek1CYbn0HisipX35dYhhJAeljW5SPpLTd
COz3pB5hYG1XqaECn6Vuz2k8ambRf4O7faKNWLzcclKEwmoaMgErCvP7aIOs2hQP9AECbQRSKKF2i8Bthy9GL5XCfG7ovg3JLG9ePUKFZJYt/dvTRoWFkE7hx9mOKFL6N3lC7wce0VLIuYS0gJWkpb39RSthgqg1FGaPkVMEupRnLIgcuq/22MZ+5NvTSBSG8QUJM9SYhbkrm1qEJf3FDCFP9Zqbf/IC6qgBQepXBt9LzYW0/g==
JwUyUNVkv0Pr3pWxV3HsYx5hpJUnE6jvXt87ajVlP4YeKiey9ikh7+/oJFluRv0NpHTbATv037MLemWDDPoUVP+xFKv4J7Uxe7QA
0rBzuOj/yZt5OsFNL2tVtjfV4vL36NM2V8nVOpp5U2epHx8aHX/Ntemwg0BOVRSlRuRRb28l1JRBTSVcOzqu3ahyWBdPYmB6teI6BHXdVcwx70Wa6x/iwnpI0cHaN3afe21VtC4=
uhoIA/TU7RzPlIh6eGe8CPaEJ1eNrSoBhh6IHc/VDwesVF1eWt65kPkuSkoYFZvhkQm2gJ9cU/lIlmdcdNDki7mXkHk3LESdVtL4E/xOs0DY3t00ivgJ775NQsjJ0Qlzm2RvVLQt
yPtcmPJnKBd5JMD+IO/++Rd+YCxRRiViWuLBrAkSMvb4qeNdYbXOPF9gK8W4qh9glOycN0kr6MW3kDwhpm6ALxxyy3wo4qUISkRxU07xOnQpbXFPa1gXaLQR
GVFPgGZJNPWBacIWfCWjMCppy9cvmVEZQ08tZlrmybgZBhoS2M3LiTHhBvgfpOOR6H63BDQINKPZv2BBNxS0tTb6KMu8FmOoeLZtzAqAuQceJRIQCYlZW3tMH2y0FQ==
sCqJme0TrD1VRXt8/ZpdtQNa5PIeq3ADdE8tZlrmybgZBhoS2M3LiTHhBvgfpOOR6H63BDQINKPZv2BBNxS0tTb6KMu8FmOoeLZtzAqAuQceJRIQCYlZW3tMH2y0FQ==
JNoZ5F0TihWo4yaRRKKMAXM1mRjFp93noeDaZE02kZyGhEg/f/eJC6qevwaHPwDEy7LEWmB9AfUsh/dWcHt+oPQd7CSXlgCcgepqYp1pNt8uZjmbTUVjRhNqtBc=
lWQehqYnaQR3qi/PAmbL8Z/klhUEqWHROJvpDp4KhXM1AzVCdVud8MUurdoXEsbB+wklOlCNCkRvzcLVq3pbbCy92owTNOmQ5VRkWXGkgpXGbALMG0EHPa1XDzZw9RRlzd1VK3Gi2PWkBn8Rw+Tq1LdMuBzKjyaYFt50W2Po5MbB5RkzxPi1eVs76gS1XZXMcW8FmqufosI6yJHBmre2n7vtlbTu
ArNcSbtp2psVpniBgLkmiR5hpJQnE6jvXt87ajVlP4YeKiey9ikh7+/oJFluRv0NpHTbATv037MLemWDDPoUVP+xFKv4J7Uxe7QA
pltsIrA+elZWJhSm0HgRRlkQ14UbG3NmcguOb4Sq2RX/cYP06sD2F80A9ZXBJ3JGT8aAu8N+Ozv1Ze7xhDghbBtc1kygF+Y38kpqx6Kv6tVaDbhfs95jl4+xdNd4fyuv7xiiiwhKTOF3SJx48LJF0OaA/IhEKyFD+mT+7RyVoQF6uEwpulPpMUuf6+iSyB31tfWvk5XmahF2jb8pL6sLVqodxuJlwVkg6BwF+II8cDsUkNRarku5jAauM5Hjcz6MRxG5XzCUb1lXRMNbPzoRq5AKuAyLEQBT1HfJGe+0lA==
Pv8/fxTDBMX8IpqdV2pF+EJIWUwO+KwwVFag0vUYUrqtE+OhCHdNh5Ujx5Lriy6nNCzCYprBXUeAW5xijEzMvbT9q0i0mI0N9h9xUR97R82ZJcEoRuodAD3xUfv/qi1onC8Fg8LVe+jUCe5jIrRikTQBNj+TyOmVyBtLfzUAY91c4UcRu1BL9GNeniE4TKdiIfLNTj4jW7lB+m/sa0qUbVmLLK6JAPo3QFAuUWxBySPk6aSVM5BmKcIWd8AT364gNVRxW7yWYyh4Nm1MCgC5hx6lEpAJCVnbe8wf7LSV
DYPo2/3LsIf5WOTN1eib97sFqGXjLZ8yALXBZ+EzDyGj3Cyk4FKJd0+SxxDJr4OetKoM3ojTPs0nMdgVCn56UQyUUdMUHyMn18h8ONCyJRBGABvMYytBg1rkHq08lYHBGjjsaVpTyfErH0uocsg9NdV1D9N15krRFg0fac+r6xYKnaYiRcG5YEicZTiiPJB7tBC0mo5LWcymLlNRw3MezKeRGZ9QlE8Zt8Rjm1E6MetwihjM6xEgEzT3admPtPQ=
hgM77ChSmshXv2lWvjzOEjPWhDtMX0/JmR9yGleWIf9YeSi5vRKB7RsLXz7SBtc4DlvNjHX4eWGIL+XiPOPpdbmcT2o2VhnaTq5qFEyNPsm/haRvGQ9aSMqzo+B5JsXDLcX/kFledA1prRIfP64M27I8liHoB7yCurEjIk3zcOn3AXX6V6t0A2t/q1pP8ntMgj9YlnM0aTABAE6Jvx85SJNS6/Bg2zEpwADZSj7xGALyj0xb3TXs66ibA/pCz/pkSz7TpRrWnTbdtSwc567gpPHc6lrtUdbnXl75Iz39g/5j0rSv
nHAxeCndsIkpIVOmeQhWETPWhDtMX0/JmR9yGleWIf9YeSi5vRKB7RsLXz7SBtc4DlvNjHX4eWGIL+XiPOPpdbmcTmo2VhnaTq5qFEyNPsm/haRvGQ9aSMqzo+B5JsXDLcX/kFledA1prRIfP64M27I8liHoB7yCurEjIk3zcOn3AXX6V6t0A2t/q1pP8ntMgj9YlnM0aTABAE6Jvx85SJNS6/Bg2zEpwADZSj7xGALyj0xb3TXs66ibA/pCz/pkSz7TpRrWnTbdtSwc567gpPHc6lrtUdbnXl75Iz39g/5j0rSv
vvCy6Ui6I1emcchWF/9aqDPWhDtMX0/JmR9yGleWIf9YeSi5vRKB7RsLXz7SBtc4DlvNjHX4eWGIL+XiPOPpdbmcQWo2VhnaTq5qFEyNPsm/haRvGQ9aSMqzo+B5JsXDLcX/kFledA1prRIfP64M27I8liHoB7yCurEjIk3zcOn3AXX6V6t0A2t/q1pP8ntMgj9YlnM0aTABAE6Jvx85SJNS6/Bg2zEpwADZSj7xGALyj0xb3TXs66ibA/pCz/pkSz7TpRrWnTbdtSwc567gpPHc6lrtUdbnXl75Iz39g/5j0rSv
Q2irBJZMYAj9DYg0hRp5CjPWhDtMX0/JmR9yGleWIf9YeSi5vRKB7RsLXz7SBtc4DlvNjHX4eWGIL+XiPOPpdbmcQGo2VhnaTq5qFEyNPsm/haRvGQ9aSMqzo+B5JsXDLcX/kFledA1prRIfP64M27I8liHoB7yCurEjIk3zcOn3AXX6V6t0A2t/q1pP8ntMgj9YlnM0aTABAE6Jvx85SJNS6/Bg2zEpwADZSj7xGALyj0xb3TXs66ibA/pCz/pkSz7TpRrWnTbdtSwc567gpPHc6lrtUdbnXl75Iz39g/5j0rSv
T7oaNN5J1uN6ivd2gKdEjjPWhDtMX0/JmR9yGleWIf9YeSi5vRKB7RsLXz7SBtc4DlvNjHX4eWGIL+XiPOPpdbmcQ2o2VhnaTq5qFEyNPsm/haRvGQ9aSMqzo+B5JsXDLcX/kFledA1prRIfP64M27I8liHoB7yCurEjIk3zcOn3AXX6V6t0A2t/q1pP8ntMgj9YlnM0aTABAE6Jvx85SJNS6/Bg2zEpwADZSj7xGALyj0xb3TXs66ibA/pCz/pkSz7TpRrWnTbdtSwc567gpPHc6lrtUdbnXl75Iz39g/5j0rSv
7l4oi+MA5r7shC/LVyjXiDPWhDtMX0/JmR9yGleWIf9YeSi5vRKB7RsLXz7SBtc4DlvNjHX4eWGIL+XiPOPpdbmcQmo2VhnaTq5qFEyNPsm/haRvGQ9aSMqzo+B5JsXDLcX/kFledA1prRIfP64M27I8liHoB7yCurEjIk3zcOn3AXX6V6t0A2t/q1pP8ntMgj9YlnM0aTABAE6Jvx85SJNS6/Bg2zEpwADZSj7xGALyj0xb3TXs66ibA/pCz/pkSz7TpRrWnTbdtSwc567gpPHc6lrtUdbnXl75Iz39g/5j0rSv
CKzuNPkdjeZUFoyT6B28XTPWhDtMX0/JmR9yGleWIf9YeSi5vRKB7RsLXz7SBtc4DlvNjHX4eWGIL+XiPOPpdbmcRWo2VhnaTq5qFEyNPsm/haRvGQ9aSMqzo+B5JsXDLcX/kFledA1prRIfP64M27I8liHoB7yCurEjIk3zcOn3AXX6V6t0A2t/q1pP8ntMgj9YlnM0aTABAE6Jvx85SJNS6/Bg2zEpwADZSj7xGALyj0xb3TXs66ibA/pCz/pkSz7TpRrWnTbdtSwc567gpPHc6lrtUdbnXl75Iz39g/5j0rSv
AYAT/yIl6dWIfo+tlT4MUj0yKF+CEo71CFcZQd+q8mwyNevWMBJuaTljQq4Pp/u9WneTHuyeowNThszHwQwj0bW7IaEJ1TbmXhhmCsFK4TYMXqYH5Q0Y21wRm912tAB7BdtZaVK7Tn8dw8nAdMdO+qpN4dAa9EbS8xwg2KqkohsnT+x82IEqVRdt3CDapTzjD50dxy0kpKgr+bPtub9z1ixdoFUZRZkrvToMxRCuI/G/DP4EA/S0XEb30siC9kj7PwCQNpX9VbMI4GEJr1M2pIl1ARwFl4dapycWki6gbaFGHwKv73XZtKI=
AYAT/yIl6dWIfo+tlT4MUj0yKF+CEo71CFcZQd+q8mwyNevWMBJuaTljQq4Pp/u9WneTHuyeowNThszHwQwj0bW7IaEJ1TbmXhhmCsFK4TYMXqYH5Q0Y21wRm912tAB7BdtZaVK7Tn8dw8nAdMdO+qpN4dAa9EbS8xwg2KqkohsnT+x82IEqVRdt3CDapTzjD50dxy0kpKgr+bPtub9z1ixdoFUZRZkrvToMxRCuI/G/DP4EA/S0XEb30siC9kj7PwCQNpX9VbMI4GEJr1M2pIl1ARwFl4dapycWki6gbaFGHwKv73XZtKI=
AYAT/yIl6dWIfo+tlT4MUj0yKF+CEo71CFcZQd+q8mwyNevWMBJuaTljQq4Pp/u9WneTHuyeowNThszHwQwj0bW7IaEJ1TbmXhhmCsFK4TYMXqYH5Q0Y21wRm912tAB7BdtZaVK7Tn8dw8nAdMdO+qpN4dAa9EbS8xwg2KqkohsnT+x82IEqVRdt3CDapTzjD50dxy0kpKgr+bPtub9z1ixdoFUZRZkrvToMxRCuI/G/DP4EA/S0XEb30siC9kj7PwCQNpX9VbMI4GEJr1M2pIl1ARwFl4dapycWki6gbaFGHwKv73XZtKI=
AYAT/yIl6dWIfo+tlT4MUj0yKF+CEo71CFcZQd+q8mwyNevWMBJuaTljQq4Pp/u9WneTHuyeowNThszHwQwj0bW7IaEJ1TbmXhhmCsFK4TYMXqYH5Q0Y21wRm912tAB7BdtZaVK7Tn8dw8nAdMdO+qpN4dAa9EbS8xwg2KqkohsnT+x82IEqVRdt3CDapTzjD50dxy0kpKgr+bPtub9z1ixdoFUZRZkrvToMxRCuI/G/DP4EA/S0XEb30siC9kj7PwCQNpX9VbMI4GEJr1M2pIl1ARwFl4dapycWki6gbaFGHwKv73XZtKI=
AYAT/yIl6dWIfo+tlT4MUj0yKF+CEo71CFcZQd+q8mwyNevWMBJuaTljQq4Pp/u9WneTHuyeowNThszHwQwj0bW7IaEJ1TbmXhhmCsFK4TYMXqYH5Q0Y21wRm912tAB7BdtZaVK7Tn8dw8nAdMdO+qpN4dAa9EbS8xwg2KqkohsnT+x82IEqVRdt3CDapTzjD50dxy0kpKgr+bPtub9z1ixdoFUZRZkrvToMxRCuI/G/DP4EA/S0XEb30siC9kj7PwCQNpX9VbMI4GEJr1M2pIl1ARwFl4dapycWki6gbaFGHwKv73XZtKI=
AYAT/yIl6dWIfo+tlT4MUj0yKF+CEo71CFcZQd+q8mwyNevWMBJuaTljQq4Pp/u9WneTHuyeowNThszHwQwj0bW7IaEJ1TbmXhhmCsFK4TYMXqYH5Q0Y21wRm912tAB7BdtZaVK7Tn8dw8nAdMdO+qpN4dAa9EbS8xwg2KqkohsnT+x82IEqVRdt3CDapTzjD50dxy0kpKgr+bPtub9z1ixdoFUZRZkrvToMxRCuI/G/DP4EA/S0XEb30siC9kj7PwCQNpX9VbMI4GEJr1M2pIl1ARwFl4dapycWki6gbaFGHwKv73XZtKI=
AYAT/yIl6dWIfo+tlT4MUj0yKF+CEo71CFcZQd+q8mwyNevWMBJuaTljQq4Pp/u9WneTHuyeowNThszHwQwj0bW7IaEJ1TbmXhhmCsFK4TYMXqYH5Q0Y21wRm912tAB7BdtZaVK7Tn8dw8nAdMdO+qpN4dAa9EbS8xwg2KqkohsnT+x82IEqVRdt3CDapTzjD50dxy0kpKgr+bPtub9z1ixdoFUZRZkrvToMxRCuI/G/DP4EA/S0XEb30siC9kj7PwCQNpX9VbMI4GEJr1M2pIl1ARwFl4dapycWki6gbaFGHwKv73XZtKI=
TLDKRtllUrMg0klx2aKQLg+ewy7QctQXm2e4PG6j4S089FFSWkiV6tFhsyP8LnOgWH4dV4kYSUk+LAIoyfHJ0xuEL3S0DQ==
yq97AvZH7c5uYvkxK2S9ck09y4BfsXEuGi5DFjGezuFAVXmBjHjJ3trEDXVuyTHPnMIrDOgyxRtJVJEFDgBaxKkd0f8riDd4tAE=
vkf+d54JT8ksGR7I7nzg0Q6ewy7QctQXm2e4PG6j4S089FFSWkiV6tFhsyP8LnOgWH4dW4kYSUk+LAIoyfHJ0xuEL3S0DQ==
SwHI9zqs9k9sJmV7SHiMIU09y4BfsXEuGi5DFjGfzuFAVXmBjHjJ3trEDXVuyTHPnMIrDOgyxRdJVJEFDgBaxKkd0f8riDd4tAE=
ax+Low52SJ8FYHUU/Rbmjw2ewy7QctQXm2e4PG6j4S089FFSWkiV6tFhsyP8LnOgWH4dU4gYSUk+LAIoyfHJ0xuEL3S0DQ==
GZw5djf6/daIRlJKgap0IE09y4BfsXEuGi5DFjGczuFAVXmBjHjJ3trEDXVuyTHPnMIrDOgyxR9IVJEFDgBaxKkd0f8riDd4tAE=
bEhPJRkcNg9lYIAuYLxrPQyewy7QctQXm2e4PG6j4S089FFSWkiV6tFhsyP8LnOgWH4dVogYSUk+LAIoyfHJ0xuEL3S0DQ==
LeWPcm8DDlFPOwCxWrnWh009y4BfsXEuGi5DFjGdzuFAVXmBjHjJ3trEDXVuyTHPnMIrDOgyxRpIVJEFDgBaxKkd0f8riDd4tAE=
EtqFE8SFtaoO5lseUKs8AQuewy7QctQXm2e4PG6j4S089FFSWkiV6tFhsyP8LnOgWH4dV4gYSUk+LAIoyfHJ0xuEL3S0DQ==
py6aHhbcVWp/rxhqlMjnhU09y4BfsXEuGi5DFjGazuFAVXmBjHjJ3trEDXVuyTHPnMIrDOgyxRtIVJEFDgBaxKkd0f8riDd4tAE=
SkXcFC/VY7TNFuot1ERWUQqewy7QctQXm2e4PG6j4S089FFSWkiV6tFhsyP8LnOgWH4dVYgYSUk+LAIoyfHJ0xuEL3S0DQ==
/hwP1dwbIQ2/o7vx2lY8ZE09y4BfsXEuGi5DFjGbzuFAVXmBjHjJ3trEDXVuyTHPnMIrDOgyxRlIVJEFDgBaxKkd0f8riDd4tAE=
0ACUUkTEh4If7LjFFyW5zwmewy7QctQXm2e4PG6j4S089FFSWkiV6tFhsyP8LnOgWH4dUo4YSUk+LAIoyfHJ0xuEL3S0DQ==
HeaoL3Djmrhhj+woXO29q009y4BfsXEuGi5DFjGYzuFAVXmBjHjJ3trEDXVuyTHPnMIrDOgyxR5OVJEFDgBaxKkd0f8riDd4tAE=
9YWsr5T5uNi2Vz84gqgkNwiewy7QctQXm2e4PG6j4S089FFSWkiV6tFhsyP8LnOgWH4dUI4YSUk+LAIoyfHJ0xuEL3S0DQ==
823d6cLVP9wjqXlP74fNlU09y4BfsXEuGi5DFjGZzuFAVXmBjHjJ3trEDXVuyTHPnMIrDOgyxRxOVJEFDgBaxKkd0f8riDd4tAE=
iuYfmD/xALmSj9+QxKV5lweewy7QctQXm2e4PG6j4S089FFSWkiV6tFhsyP8LnOgWH4dVI4YSUk+LAIoyfHJ0xuEL3S0DQ==
YHAWRMJXUe9Q+w7mU7idD009y4BfsXEuGi5DFjGWzuFAVXmBjHjJ3trEDXVuyTHPnMIrDOgyxRhOVJEFDgBaxKkd0f8riDd4tAE=
MIJC/ePo83GOGC4+fVTLAwaewy7QctQXm2e4PG6j4S089FFSWkiV6tFhsyP8LnOgWH4dU4sYSEk+LAIoyfHJ0xuEL3S0DQ==
fYhZJhKl0/otsFoLRtXFrU09y4BfsXEuGi5DFjGXzuFAVXmBjHjJ3trEDXVuyTHPnMIrDOgyxR9LVJAFDgBaxKkd0f8riDd4tAE=
PTqDMBrLV41or0Djv1YOAw2ewy7QctQXm2e4PG6j4S089FFSWkiV6tFhsyP8LnOgWH4dV4oYSEk+LAIoyfHJ0xuEL3S0DQ==
rh+YEqiGJsPeCAO7oOOnjC5Ggek5eUdgm8Ctb5ABk2W0Il6ZxctEBg2cmgJBnDkDH51stPcmwOyh+WpyvB/2bk72uQut9SO2M3q0Bw==
guZeFcop4kpwec/msIZqKCERlaJSYFjHH1W4ot2bw7UfTGzIqu8QOOMju3pjo6wSGmNyRI3tTSz5n+4ag64s4mO46YECpw4/sz19tAY=
8CGY+xm1Ir7ffBTh81/tJQ+ewy7QctQXm2e4PG6j4S089FFSWkiV6tFhsyP8LnOgWH4dV4oYSEk+LAIoyfHJ0xuEL3S0DQ==
+e+SaW4/sJrfv10eVjm24S5Gges5eUdgm8Cvb5ABk2W0Il6ZxctEBg2cmgJBnDkDH51stPcmwOyh+WpyvB/2bk72uQut9SO2M3q0Bw==
0kJOLAjOVPc8AHNArADemCERlaJSYFjHH1W4ot2bw7UdTGzIqu8QOOMju3pjo6wSGmNyRI3tTSz5n+4ag64s4mO46YECpw4/sz19tAY=
u+C/iUjwSlrEkV+FGqVQCQyewy7QctQXm2e4PG6j4S089FFSWkiV6tFhsyP8LnOgWH4dV4oYSEk+LAIoyfHJ0xuEL3S0DQ==
G4cdOESqdqAcO/B5F86JKy5Ggeg5eUdgm8Csb5ABk2W0Il6ZxctEBg2cmgJBnDkDH51stPcmwOyh+WpyvB/2bk72uQut9SO2M3q0Bw==
7KlU7N78fE7QmQ9ucAGL/CERlaJSYFjHH1W4ot2bw7UeTGzIqu8QOOMju3pjo6wSGmNyRI3tTSz5n+4ag64s4mO46YECpw4/sz19tAY=
DDyQKCDQlXCpV+NRpg31pAqewy7QctQXm2e4PG6j4S089FFSWkiV6tFhsyP8LnOgWH4dV4oYSEk+LAIoyfHJ0xuEL3S0DQ==
4AA7BFkoGcfMD6Qme2BhQS5Gge45eUdgm8Cqb5ABk2W0Il6ZxctEBg2cmgJBnDkDH51stPcmwOyh+WpyvB/2bk72uQut9SO2M3q0Bw==
gHHocwQcy4Ex6VQj1ZOKKyERlaJSYFjHH1W4ot2bw7UYTGzIqu8QOOMju3pjo6wSGmNyRI3tTSz5n+4ag64s4mO46YECpw4/sz19tAY=
z6S4TKVNp0B4nyl7iuPEzwuewy7QctQXm2e4PG6j4S089FFSWkiV6tFhsyP8LnOgWH4dV4oYSEk+LAIoyfHJ0xuEL3S0DQ==
5uSDytKl9SwIiCKp+0ckwC5Gge85eUdgm8Crb5ABk2W0Il6ZxctEBg2cmgJBnDkDH51stPcmwOyh+WpyvB/2bk72uQut9SO2M3q0Bw==
HT3s740CJgKo7aOCiw8OLCERlaJSYFjHH1W4ot2bw7UZTGzIqu8QOOMju3pjo6wSGmNyRI3tTSz5n+4ag64s4mO46YECpw4/sz19tAY=
x1LlRNwp6zz+kkrDQOy20gmewy7QctQXm2e4PG6j4S089FFSWkiV6tFhsyP8LnOgWH4dV4oYSEk+LAIoyfHJ0xuEL3S0DQ==
PYyCJRyzUrPEtJrHRtFpPy5Gge05eUdgm8Cpb5ABk2W0Il6ZxctEBg2cmgJBnDkDH51stPcmwOyh+WpyvB/2bk72uQut9SO2M3q0Bw==
wAvR1bgNwxHMXc3Z0hV/ySERlaJSYFjHH1W4ot2bw7UbTGzIqu8QOOMju3pjo6wSGmNyRI3tTSz5n+4ag64s4mO46YECpw4/sz19tAY=
/zwciieIiIm1EF2fxVS4iwiewy7QctQXm2e4PG6j4S089FFSWkiV6tFhsyP8LnOgWH4dV4oYSEk+LAIoyfHJ0xuEL3S0DQ==
4QGs8KD48or4LGaR21HQzi5Ggew5eUdgm8Cob5ABk2W0Il6ZxctEBg2cmgJBnDkDH51stPcmwOyh+WpyvB/2bk72uQut9SO2M3q0Bw==
dhZF1jCccOy/AwYQ3u6hMSERlaJSYFjHH1W4ot2bw7UaTGzIqu8QOOMju3pjo6wSGmNyRI3tTSz5n+4ag64s4mO46YECpw4/sz19tAY=
gzIhmyYWQbIYn4QBfKKlpweewy7QctQXm2e4PG6j4S089FFSWkiV6tFhsyP8LnOgWH4dV4oYSEk+LAIoyfHJ0xuEL3S0DQ==
R1ITvpqkwzo+WZ6B4+rj3i5GgeM5eUdgm8Cnb5ABk2W0Il6ZxctEBg2cmgJBnDkDH51stPcmwOyh+WpyvB/2bk72uQut9SO2M3q0Bw==
9XaNJvOCKaVAGItGwqTw2iERlaJSYFjHH1W4ot2bw7UVTGzIqu8QOOMju3pjo6wSGmNyRI3tTSz5n+4ag64s4mO46YECpw4/sz19tAY=
lLOQ7PdILo+ktuFfpQhNhAaewy7QctQXm2e4PG6j4S089FFSWkiV6tFhsyP8LnOgWH4dV4oYSEk+LAIoyfHJ0xuEL3S0DQ==
ATv11tQKy1aPDlu3buQ4cC5GgeI5eUdgm8Cmb5ABk2W0Il6ZxctEBg2cmgJBnDkDH51stPcmwOyh+WpyvB/2bk72uQut9SO2M3q0Bw==
HZ4k729Tt2rpSFllMxnDoCERlaJSYFjHH1W4ot2bw7UUTGzIqu8QOOMju3pjo6wSGmNyRI3tTSz5n+4ag64s4mO46YECpw4/sz19tAY=
VHNTLhWxBdI3l4GTPL/8Yw6ewy7QctQXm2e4PG6j4S089FFSWkiV6tFhsyP8LnOgWH4dV4oYSEk+LAIoyfHJ0xuEL3S0DQ==
fcBs8tu++7GrynugxvMoVS5Ggeo5eUdgm8Cub5ABk2W0Il6ZxctEBg2cmgJBnDkDH51stPcmwOyh+WpyvB/2bk72uQut9SO2M3q0Bw==
CzP9ogNYgCblA6JeSFCsNiERlaJSYFjHH1W4ot2bw7UcTGzIqu8QOOMju3pjo6wSGmNyRI3tTSz5n+4ag64s4mO46YECpw4/sz19tAY=
hschAVIP/860hJI7Yt0J5jF0cUySBzCv/Q8U2mVoGo7ZKYiz2tiM2A8i0PCJzSm+5PuGksZiGacVsfPq2w60Cw==
d/xYnclLuakSGjs8GXVYxDF0cU+SBzCv/Q8U2mVoGo7ZKYiz2tiM2A8i0PCJzSm+5PuGksZiGacVsfPq2w60Cw==
a6leWM/q8Ci/XFWXkT/oJjF0cUiSBzCv/Q8U2mVoGo7ZKYiz2tiM2A8i0PCJzSm+5PuGksZiGacVsfPq2w60Cw==
S8HiaQEn3xhk9sT98aq21TF0cUmSBzCv/Q8U2mVoGo7ZKYiz2tiM2A8i0PCJzSm+5PuGksZiGacVsfPq2w60Cw==
G5JtnbiKDkToQL2xADBrCjF0cUqSBzCv/Q8U2mVoGo7ZKYiz2tiM2A8i0PCJzSm+5PuGksZiGacVsfPq2w60Cw==
ybK89MQPYM5YOZ7s0NV9+jF0cUuSBzCv/Q8U2mVoGo7ZKYiz2tiM2A8i0PCJzSm+5PuGksZiGacVsfPq2w60Cw==
JvJaiPsYlbTnVkduFGVkuzF0cU6SBzCv/Q8U2mVoGo7ZKYiz2tiM2A8i0PCJzSm+5PuGksZiGacVsfPq2w60Cw==
TqbDlDrd4ajZsCcSRgAlLjF0cUSSBzCv/Q8U2mVoGo7ZKYiz2tiM2A8i0PCJzSm+5PuGksZiGacVsfPq2w60Cw==
NeqcUju7VhfZy3zsp7PyIzF0cU2SBzCv/Q8U2mVoGo7ZKYiz2tiM2A8i0PCJzSm+5PuGksZiGacVsfPq2w60Cw==
ihY1d1LmestSp4E8iEg0vzF0cUWSBzCv/Q8U2mVoGo7ZKYiz2tiM2A8i0PCJzSm+5PuGksZiGacVsfPq2w60Cw==
qbLop9yoAncBta+5Rc96i68aHeyzmF+5MIwJ6TSvVjQb/OoMCjjaz+4uYJtvPN6e4k0ol7fkq4Oe5qQl5J6ZrtHHU3d34OOqPv/i2ZTLJ11ul9xwaPl3ftJKxUABSe3QDL5n1W/m5keepVwSC41A1eU6H2+6XANi2oq0WScfbMVHi6m023br3DgvgbUoRLlGBqXIvnprjDfFAZw3AB+jNjrb6hiDmlMJwqKtKrVxzJBferCY+bWptnTjJrp2WtlvxWkTAiv2tIM=
jwnvvtAFKG6IuXFSz65ET+70EN7vEL8e7QSGYeHZy+Pvww8mu48p5hbFKiCoy/ddiU+DkjbezIhcoW7AiTnNrfRW2d1rfWvu46g6+erDmDU3T1qhxBqUl1dc9mytum2X3eLY6J+fs6imhdpjFMhHM5CHEUzHxQbyY4C+bBzji4Gct9MdET5H+GtevKkJL6Q6KdSyE1BUBoUslWGndE3sQROEbg2S0t9Uk0sG5GVweU+cQiuM6LLFm0nUkIUOgFpEqZ3RfysIN/i0gQ==
bju1Mh0N72nX6NZPqxTHXi50e7mzaUMDdkNsBWSQGZ1Hvoglm8ebpi+MzcQ+2IF49h7DhAN2d5B7CihainAkYSxUQO/66W9jK7x8ZlwSTK/E5CxQ7eYG5+9g+VHV9z51ebYV+zgRCUbmPAa4d+3q6GxP4XOS1IOz0wjZQCzxSNQMHUDVeYW5K536bEXw7gPxn0xehGM0VFxmN3JIYjYo+99AMLY1vbWzaCDBiQ+TVqRpNWGcpdeqWcdm8BKPYE2hZt9iLw81+bSC
a8SCfdBoZPgN/IipfkNLny50e7mzaUMDdkNsBWSQGZ1Hvoglm8eboC+MzcQ42IF49h7DhAN2d5B7CihapmckaDBaV+/66W9jK7x8ZlwSTK/E5CxQ7eYG5+9g+VHV9z51ebYV+zgRCUbmPAa4d+3q6GxP4XOS1IOz0wjZQCzxSNQMHUDVeYW5K536bEXw7gPxn0xehGM0VFxmN3JIYjYo+99AMLY1vbWzaCDBiQ+TVqRpNWGcpdeqWcdm8BKPYE2hZt9iLw81+bSC
aZ2KpquWPiyDuWmdbzUpuTg3l7KLR7nl87zGbJYnrTaiCHVG+6RelUT2pMi5HXQnp/fDKQzFv3ES6k22RP+NURZb1CtY58DtbWMpuEZuRma+v/bQNriXAiTHzQQDOQ/DDKULQk8zAlXLBiR4vHAtGZg43vs7G2iwIRNx7KOotkX6RP5p2l3DATurH37WzWqa8WEt+MRsGdD2/MRTiCC4gporrbRqfo/5d/OqZPtBVWckdFsBu/Rfs4h55YKK+pVUf7GUq3gnNTH7tIA=
scq2cKhefEp6gpRYFZ2Xiy50e7mzaUMDdkNsBWSQGZ1Hvoglm8eboC+MzcQ42IF49h7DhAN2d5B7CihainAkfzFVSu/66W9jK7x8ZlwSTK/E5CxQ7eYG5+9g+VHV9z51ebYV+zgRCUbmPAa4d+3q6GxP4XOS1IOz0wjZQCzxSNQMHUDVeYW5K536bEXw7gPxn0xehGM0VFxmN3JIYjYo+99AMLY1vbWzaCDBiQ+TVqRpNWGcpdeqWcdm8BKPYE2hZt9iLw81+bSC
T3VaU2SBZDLtnycl2HEK1jg3l7KLR7nl87zGbJYnrTaiCHVG+6Rek0T2pMi/HXQnp/fDKQzFv3ES6k22VfmPRBJP1CtY58DtbWMpuEZuRma+v/bQNriXAiTHzQQDOQ/DDKULQk8zAlXLBiR4vHAtGZg43vs7G2iwIRNx7KOotkX6RP5p2l3DATurH37WzWqa8WEt+MRsGdD2/MRTiCC4gporrbRqfo/5d/OqZPtBVWckdFsBu/Rfs4h55YKK+pVUf7GUq3gnNTH7tIA=
NchXYepzjWd6mNnNhZYx+q8aHeyzmF+5MIwJ6TSvVjQb/OoMCjjayf92OIt5N4rB5U49vvGH7MGJvrNl4KyeuMTaU3d34OOqPv/i2ZTLJ11ul9xwaPl3ftJKxUABSe3QDL5n1W/m5keepVwSC41A1eU6H2+6XANi2oq0WScfbMVHi6m023br3DgvgbUoRLlGBqXIvnprjDfFAZw3AB+jNjrb6hiDmlMJwqKtKrVxzJBferCY+bWptnTjJrp2WtlvxWkTAiv2tIM=
SKJMxo0wo/PWkzmDjXk59K8aHeyzmF+5MIwJ6TSvVjQb/OoMCjjayf92OIt5N4rB5U49vvGH7MGJvrNl6b+UpcTYU3d34OOqPv/i2ZTLJ11ul9xwaPl3ftJKxUABSe3QDL5n1W/m5keepVwSC41A1eU6H2+6XANi2oq0WScfbMVHi6m023br3DgvgbUoRLlGBqXIvnprjDfFAZw3AB+jNjrb6hiDmlMJwqKtKrVxzJBferCY+bWptnTjJrp2WtlvxWkTAiv2tIM=
pynowdyFs16FoeSFYpsRPbcQFzSvtOLUXVP3jr/B3Y0r+moOJiIxjUk79XKACKKebGCY+jzCLYWhMJAMHzgt6FtiL4XQfK8ue0lj6uOsMs36N/ARF2uy1RQu3FMXmL7Yfc6FM31GsBwPKzssJgFS14Q8L5cwI/k4F3FONiNE9ljMl2OlvJO76QEKT/xrWrSdGdvMHgnwWmeAYE5BbFEpE6Q5BOWzIAb5AmZX0BPPjlD1hBHrPObD+DgGjV8JENix3vSyYIm5uYs7PD/8tIU=
Qh2hfHXx+DdrmhrEt68H8BBSS7XdgKOGIK9KZleW2gtyENF3cTqp9w21fJ0Y1Adpz6QLC0C4KXpeKiF8I9How+wXgSl3tAw=
PKmGwmGRjrd8uYQGhVYtuHoBue9EE+bxVMt0c3R1aqA6eHyj5mAl7/26JW9qSuwvpHTbATv037MMeGWCCvoVVP+xFKv4J7Uxe7QA
n1DdJKuRVV13SiKy5R+nJRFSS7XdgKOGIK9KZleW2gtyENF3cTqp9w21fJ0Y1Adpz6QLC0O/KXpeKiF8I9How+wXgSl3tAw=
QzlFNsXRZzgYYQAr5u+K1XoBue9EE+bxVMt0c3R0aqA6eHyj5mAl7/26JW9qSuwvpHTbATv037MPf2WCCvoVVP+xFKv4J7Uxe7QA
GjBU37ZNOwxke/6wPCJX0RJSS7XdgKOGIK9KZleW2gtyENF3cTqp9w21fJ0Y1Adpz6QLC0W/KXpeKiF8I9How+wXgSl3tAw=
Gi1/W/UavekgnKC7Jzda63oBue9EE+bxVMt0c3R3aqA6eHyj5mAl7/26JW9qSuwvpHTbATv037MJf2WCCvoVVP+xFKv4J7Uxe7QA
tvRZcY0MDF3QY9FF35eRKRNSS7XdgKOGIK9KZleW2gtyENF3cTqp9w21fJ0Y1Adpz6QLC0a/KXpeKiF8I9How+wXgSl3tAw=
FGJuhw5Mz/sDTsIkWtaKQnoBue9EE+bxVMt0c3R2aqA6eHyj5mAl7/26JW9qSuwvpHTbATv037MKf2WCCvoVVP+xFKv4J7Uxe7QA
jK9igavJLezbqcrzGdSAGRRSS7XdgKOGIK9KZleW2gtyENF3cTqp9w21fJ0Y1Adpz6QLC0i/KXpeKiF8I9How+wXgSl3tAw=
RtCH+qi/24AGfXVvPPvVb3oBue9EE+bxVMt0c3RxaqA6eHyj5mAl7/26JW9qSuwvpHTbATv037MEf2WCCvoVVP+xFKv4J7Uxe7QA
NQdFBmTtVhzYrmdyXIoexDT2+FW7pmre2fVRTaACL1wk9Cthy7Qv0xp+daI6uqX0TzGEC6jn5dELtHA=
pHsWR1YJTuyTWukMx0VbvoYgOMJxdxrhIlhu8h+NTGC/inBoGUeuRpQT5kqWqlmfJZnT8ssGtHM=
8CJmT1XHzeUvjczlfcNVqxVSS7XdgKOGIK9KZleW2gtyENF3cTqp9w21fJ0Y1Adpz6QLC0G7KXNZKiF8I9How+wXgSl3tAw=
T+b8vST2GkYs27krEgxDGHoBue9EE+bxVMt0c3RwaqA6eHyj5mAl7/26JW9qSuwvpHTbATv037MNe2WLDfoVVP+xFKv4J7Uxe7QA
Z6qhXrOeUnlX6jNZ+A7R/BZSS7XdgKOGIK9KZleW2gtyENF3cTqp9w21fJ0Y1Adpz6QLC0W7KXNZKiF8I9How+wXgSl3tAw=
W20K63jk6QS9f/nIZDAik3oBue9EE+bxVMt0c3RzaqA6eHyj5mAl7/26JW9qSuwvpHTbATv037MJe2WLDfoVVP+xFKv4J7Uxe7QA
NDBiipKsbKQpfJAfbFQZpBdSS7XdgKOGIK9KZleW2gtyENF3cTqp9w21fJ0Y1Adpz6QLC0a7KXNZKiF8I9How+wXgSl3tAw=
Am0kYxtycql9Rv7gF0JWwXoBue9EE+bxVMt0c3RyaqA6eHyj5mAl7/26JW9qSuwvpHTbATv037MKe2WLDfoVVP+xFKv4J7Uxe7QA
oMJyYf/JogYHcnF9k+BykBhSS7XdgKOGIK9KZleW2gtyENF3cTqp9w21fJ0Y1Adpz6QLC0K6KXNZKiF8I9How+wXgSl3tAw=
aAp24fn17vtpfZtRGPFn+HoBue9EE+bxVMt0c3R9aqA6eHyj5mAl7/26JW9qSuwvpHTbATv037MOemWLDfoVVP+xFKv4J7Uxe7QA
hUwmq2G7QzQvGz0aTlelbBlSS7XdgKOGIK9KZleW2gtyENF3cTqp9w21fJ0Y1Adpz6QLC0e6KXNZKiF8I9How+wXgSl3tAw=
AWXq53K4FgFlnS54MF/mk3oBue9EE+bxVMt0c3R8aqA6eHyj5mAl7/26JW9qSuwvpHTbATv037MLemWLDfoVVP+xFKv4J7Uxe7QA
iqzm7+F8l903x+GSswBJJxBRS7XdgKOGIK9KZleW2gtyENF3cTqp9w21fJ0Y1Adpz6QLC0m6KXNZKiF8I9How+wXgSl3tAw=
cYZsLYLUm/tNgbjpKmwfunoBue9EE+bxVMt0c3R1aaA6eHyj5mAl7/26JW9qSuwvpHTbATv037MFemWLDfoVVP+xFKv4J7Uxe7QA
LpUvaHdmVyrTRTl0n3QQ+xFRS7XdgKOGIK9KZleW2gtyENF3cTqp9w21fJ0Y1Adpz6QLC0O5KXNZKiF8I9How+wXgSl3tAw=
b99s0W1LV1HAxVkDrJ3EAnoBue9EE+bxVMt0c3R0aaA6eHyj5mAl7/26JW9qSuwvpHTbATv037MPeWWLDfoVVP+xFKv4J7Uxe7QA
HGF77Y/B9C+mqFgMm2alURJRS7XdgKOGIK9KZleW2gtyENF3cTqp9w21fJ0Y1Adpz6QLC0S5KXNZKiF8I9How+wXgSl3tAw=
dRI9AJZjZBhGt9/3rDZiG3oBue9EE+bxVMt0c3R3aaA6eHyj5mAl7/26JW9qSuwvpHTbATv037MIeWWLDfoVVP+xFKv4J7Uxe7QA
PDavaRgqRST9zjvLBRW8yRNRS7XdgKOGIK9KZleW2gtyENF3cTqp9w21fJ0Y1Adpz6QLC0C4KXNZKiF8I9How+wXgSl3tAw=
u88WEO9slJcbiu0ZlT1DvHoBue9EE+bxVMt0c3R2aaA6eHyj5mAl7/26JW9qSuwvpHTbATv037MMeGWLDfoVVP+xFKv4J7Uxe7QA
Nxyw6wjSGoisfqEJlPl6hxRRS7XdgKOGIK9KZleW2gtyENF3cTqp9w21fJ0Y1Adpz6QLC0S4KXNZKiF8I9How+wXgSl3tAw=
TGX3nJOhdXVJfKdOs+u56XoBue9EE+bxVMt0c3RxaaA6eHyj5mAl7/26JW9qSuwvpHTbATv037MIeGWLDfoVVP+xFKv4J7Uxe7QA
PXh8ND7M9rLmy5zyGxBoKikfg7V99BhiED4MWyvL4NAOT3mBjHjJ3trEDWZhzSvPnMIrDOgyxRpPVJkCDgBaxKkd0f8riDd4tAE=
SFxNjixBmmGn4PkUCl2crJwFinpShUtEvq4hDSOE/4nRUkElUpK3nMVBh6C58gJnOILtBiBPQPjTQ6t6c0OPXc7Z4sQ9jb1sqX/fH3OHeyLTGBkBkkdef0MdbbQW
Qg3gM5EMegFEgbNMgYgAKut/NMAPI4yNkm2Qz+2dheJm+TW80JiFfIRwC7/5FPipOCEFGhdAOx8d3//I3qXIohCVfCbhQpjYEvCEiMLf2Jibk0N6GxNUslJTmoTlfYUM4c83n9v3MwIrKEFBKtfG3wtNRbQ+
BVbI189KgfjFR0zmSMwUjm3JlUViWNG4ijUMB8odVLff4q52x3S4GgBtqelsUPnG2tw9XY6h4ffcOnukSFo1gs/M6equqIq8aSWBF0ugB2C0GQ==
1EzIv++hL306JlXMmTR/rSgfg7V99BhiED4MWyvL4NAOT3mBjHjJ3trEDWZhzSvPnMIrDOgyxRhPVJkCDgBaxKkd0f8riDd4tAE=
p2eMwTRRTOuZ1yDwK3xVyG3JlUViWNG4ijUMB8odVLff4652x3S4GgBtqelsUPnG2tw9XY6h4ffcOnukSFo1gM/M6equqIq8aSWBF0ugB2C0GQ==
IPpANfn7FreS2dG/zGLO+xVRS7XdgKOGIK9KZleW2gtyENF3cTqp9w21fJ0Y1Adpz6QLC0i/KXNZKiF8I9How+wXgSl3tAw=
EIbICZHwNDLoeeIIKxnu7noBue9EE+bxVMt0c3RwaaA6eHyj5mAl7/26JW9qSuwvpHTbATv037MEf2WLDfoVVP+xFKv4J7Uxe7QA
Xu5zEoyteBvYiGkmuAeHqRZRS7XdgKOGIK9KZleW2gtyENF3cTqp9w21fJ0Y1Adpz6QLC0O+KXNZKiF8I9How+wXgSl3tAw=
tXsNOxDBRBWWYwFbJ0rOJ3oBue9EE+bxVMt0c3RzaaA6eHyj5mAl7/26JW9qSuwvpHTbATv037MPfmWLDfoVVP+xFKv4J7Uxe7QA
VO/NP0vl7ZwYeYqI/M+OmSkFhbdm5hhiED4MWyvL4NAOT3mBjHjJ3trEDWZhzSvPnMIrDOgyxRZIVJsCDgBaxKkd0f8riDd4tAE=
6Hhw1TTaygNL5ps7LqJf+QiDopQaanuHmHFSp8hJf0BQFm3FxvSwP12/1IqFGBqe+RvGa605DEivkhCgabAors/MxkKmkpk3tQEzujt+tBs=
Cggg5WbHEwuOmGjZlkzKeigFhbdm5hhiED4MWyvL4NAOT3mBjHjJ3trEDWZhzSvPnMIrDOgyxR1PVJsCDgBaxKkd0f8riDd4tAE=
l4F+M9DleSWd642cR3fPJQiDopQaanuHmHFSp8hJf0FQFm3FxvSwP12/1IqFGBqe+RvGa605DEivkhCgabsvrs/MxkKmkpk3tQEzujt+tBs=
viccHUAAy0pKQvM/irXZDysFhbdm5hhiED4MWyvL4NAOT3mBjHjJ3trEDWZhzSvPnMIrDOgyxR9OVJsCDgBaxKkd0f8riDd4tAE=
zWqKkESYZ7IT9IOWVRmGO23JlV9kWsqqijUMB8odVLff4LRwxW+qGgBtqelsUPnG2tw9XY6h4ffcOnukSFo1h87M6+quqIq8aSWBF0ugB2C0GQ==
95nyzShIbdG+V0D/4lBvWjT2+FW7pmre2fVRTaACL1wk9Cthy7Qv0x5+dak9uqX0TzGEC6jn5dELtHA=
c+SWw4ADwRdla170j+WZzYYgOMJxdxrhIlhu8h+NTGC/inBoGUOuRp8U5kqWqlmfJZnT8ssGtHM=
aKZvca+eYCrap/y9tsEEFyoFhbdm5hhiED4MWyvL4NAOT3mBjHjJ3trEDWZhzSvPnMIrDOgyxRtOVJsCDgBaxKkd0f8riDd4tAE=
HNXXyyXTgQP8vE3ci899RwiDopQaanuHmHFSp8hJf0NQFm3FxvSwP12/1IqFGBqe+RvGa605DEivkhCgab0urs/MxkKmkpk3tQEzujt+tBs=
DJzRTi5USmp5IFbxWv1FSgOidflAcFPo9idUyIe7N/rvO0ps1jy/ZLHlSTydZ6fbzxyPcucwFeHe78oPlyVxtAo=
fr62crL8r/2cHf2WM3cWiC0Fhbdm5hhiED4MWyvL4NAOT3mBjHjJ3trEDWZhzSvPnMIrDOgyxR1LVJoCDgBaxKkd0f8riDd4tAE=
0GjfwWq1fc+dfYJXigHmvQiDopQaanuHmHFSp8hJf0RQFm3FxvSwP12/1IqFGBqe+RvGa605DEivkhCgabsrrs7MxkKmkpk3tQEzujt+tBs=
mNESKDOTI2+uhDwG5dtWnjT2+FW7pmre2fVRTaACL1wk9Cthy7Qv0x1+dag9uqX0TzGEC6jn5dELtHA=
qvnBtTuDGn7jeNPQVUIwV4YgOMJxdxrhIlhu8h+NTGC/inBoGUCuRp4U5kqWqlmfJZnT8ssGtHM=
0+jTptlSwppuMZHG8fajoDT2+FW7pmre2fVRTaACL1wk9Cthy7Qv0xl7da89uqX0TzGEC6jn5dELtHA=
hb6fGmhjiv8uwE7X25SH2oYgOMJxdxrhIlhu8h+NTGC/inBoGUSrRpkU5kqWqlmfJZnT8ssGtHM=
FcOQL4WZg5xLUKMHaIoDSzT2+FW7pmre2fVRTaACL1wk9Cthy7Qv0xt6da89uqX0TzGEC6jn5dELtHA=
L4IGM6YVFPNSIv4jSlcUX4YgOMJxdxrhIlhu8h+NTGC/inBoGUaqRpkU5kqWqlmfJZnT8ssGtHM=
aNd5HlS3IVKOkivhpZyOBTT2+FW7pmre2fVRTaACL1wk9Cthy7Qv0xt5da89uqX0TzGEC6jn5dELtHA=
xWyMdVU3GSurtf3BtGb6LYYgOMJxdxrhIlhu8h+NTGC/inBoGUapRpkU5kqWqlmfJZnT8ssGtHM=
AJKS9mebGFA5eJ2RWoj+5jT2+FW7pmre2fVRTaACL1wk9Cthy7Qv0xh4da89uqX0TzGEC6jn5dELtHA=
VWrsdY/H+m41wNkFc7mCeYYgOMJxdxrhIlhu8h+NTGC/inBoGUWoRpkU5kqWqlmfJZnT8ssGtHM=
8KofBZ0kkTTH5jWJRiChXTT2+FW7pmre2fVRTaACL1wk9Cthy7Qv0xp/da89uqX0TzGEC6jn5dELtHA=
6uDmAFfVrf0Du5W/ySw5OYYgOMJxdxrhIlhu8h+NTGC/inBoGUevRpkU5kqWqlmfJZnT8ssGtHM=
B2+Wk9EJlr0aq/XRCfw2PDT2+FW7pmre2fVRTaACL1wk9Cthy7Qv0x5+da89uqX0TzGEC6jn5dELtHA=
qyPfZeYuWKEkzOZFmNyS9IYgOMJxdxrhIlhu8h+NTGC/inBoGUOuRpkU5kqWqlmfJZnT8ssGtHM=
uArrzSPruZnUONukE2eaDDT2+FW7pmre2fVRTaACL1wk9Cthy7Qv0xx7da49uqX0TzGEC6jn5dELtHA=
gnrGcVOXqPyUftRq8QsSEIYgOMJxdxrhIlhu8h+NTGC/inBoGUGrRpgU5kqWqlmfJZnT8ssGtHM=
Kq7F/oo0EmLxqkJYbvpZRDT2+FW7pmre2fVRTaACL1wk9Cthy7Qv0xh6da49uqX0TzGEC6jn5dELtHA=
o9hAoFWsSY6ZvoB+AW4aI4YgOMJxdxrhIlhu8h+NTGC/inBoGUWqRpgU5kqWqlmfJZnT8ssGtHM=
ybJEQqOLErwkZ8ZOG+N23zT2+FW7pmre2fVRTaACL1wk9Cthy7Qv0xh5da49uqX0TzGEC6jn5dELtHA=
oRemh2cvjriaEmtO+eJ2fYYgOMJxdxrhIlhu8h+NTGC/inBoGUWpRpgU5kqWqlmfJZnT8ssGtHM=
B6iluZNzTv56YgVWj5zvizT2+FW7pmre2fVRTaACL1wk9Cthy7Qv0xt4da49uqX0TzGEC6jn5dELtHA=
EJJd08EZo5Fapb4YgAJHPIYgOMJxdxrhIlhu8h+NTGC/inBoGUaoRpgU5kqWqlmfJZnT8ssGtHM=
UKgMveuI+WqwJfFLV7g75NJ4EyYSiivTPHl2Ta36SiC+/wXvthtbVVrVoYi0hlxxOX1SBuFD7koL7xio8EjtoSNffDgBCxj7n/LLQeQiaqCc4musaJKF/U80XKKOoJrkqf0Rn6tod1i0IQ==
R8E2Q6t3eb880vrOY48cR9J4EyYSiijTPHl2Ta36SiC+/wXvthtbVVrVoYi0hlxxOX1SBuFD7koL7xio8EjtoCNffDgBCxj7n/LLQeQiaqCc4musaJKF+E80XKKOoJrkqf0Rn6tod1i0IQ==
XwX4YMIujaFF/aGRx4f7OtJ4EyYSiinTPHl2Ta36SiC+/wXvthtbVVrVoYi0hlxxOX1SBuFD7koL7xio8EjtoyNffDgBCxj7n/LLQeQiaqCc4musaJKF9080XKKOoJrkqf0Rn6tod1i0IQ==
2FCgAa1/MR6edaBZYxxpdtJ4EyYSiinTPHl2Ta36SiC+/wXvthtbVVrVoYi0hlxxOX1SBuFD7koL7xio8EjtoyNffDgBCxj/luXMQeQiaqCc4musaJKF/U40XKKOoJrkqf0Rn6tod1i0IQ==
UY9poBH7tMy24cohmpn4BtJ4EyYSiijTPHl2Ta36SiC+/wXvthtbVVrVoYi0hlxxOX1SBuFD7koL7xio8EjtoCNffDgBCxj/luXMQeQiaqCc4musaJKF/0s0X6KOoJrkqf0Rn6tod1i0IQ==
dqRoSTQH1UoPqTWxWPmue9J4EyYSiivTPHl2Ta36SiC+/wXvthtbVVrVoYi0hlxxOX1SBuFD7koL7xio8EjtoSNffDgBCxj/luXMQeQiaqCc4musaJKF/Es0X6KOoJrkqf0Rn6tod1i0IQ==
/5pVLO0Z0fqhbdhZBEdyKdJ4EyYSiivTPHl2Ta36SiC+/wXvthtbVVrVoYi0hlxxOX1SBuFD7koL7xio8EjtoSNffDgBCxj7n/LLQeQiaqCc4musaJKF90s0X6KOoJrkqf0Rn6tod1i0IQ==
Cv/xvOYeIvOxAllxg2vpVDT2+FW7pmre2fVRTaACL1wk9Cthy7Qv0x56da09uqX0TzGEC6jn5dELtHA=
yzCRpKT4LD5z42XdrJeFdYYgOMJxdxrhIlhu8h+NTGC/inBoGUOqRpsU5kqWqlmfJZnT8ssGtHM=
3wnWR4mCquI29AKIw+QBjdJ4EyYSiijTPHl2Ta36SiC+/wXvthtbVVrVoYi0hlxxOX1SBuFD7koL7xio8EjtoCNffDgBCxj7n/LLQeQiaqCc4musaJKF9ko0X6KOoJrkqf0Rn6tod1i0IQ==
umke1iC7zzofDDWALT9NcNJ4EyYSiinTPHl2Ta36SiC+/wXvthtbVVrVoYi0hlxxOX1SBuFD7koL7xio8EjtoyNffDgBCxj7n/LLQeQiaqCc4musaJKF/Ek0X6KOoJrkqf0Rn6tod1i0IQ==
74Y9MPjIp3/Asu8fpxYIitJ4EyYSii7TPHl2Ta36SiC+/wXvthtbVVrVoYi0hlxxOX1SBuFD7koL7xio8EjtoiNffDgBCxj7n/LLQeQiaqCc4musaJKF9kk0X6KOoJrkqf0Rn6tod1i0IQ==
dZB4J6TX2joYBMX2Ijf/TtJ4EyYSii/TPHl2Ta36SiC+/wXvthtbVVrVoYi0hlxxOX1SBuFD7koL7xio8EjtpSNffDgBCxj7n/LLQeQiaqCc4musaJKF/Eg0X6KOoJrkqf0Rn6tod1i0IQ==
OAdjrJS6bKyES3C5pPR+utJ4EyYSiizTPHl2Ta36SiC+/wXvthtbVVrVoYi0hlxxOX1SBuFD7koL7xio8EjtpCNffDgBCxj7n/LLQeQiaqCc4musaJKF+Ug0X6KOoJrkqf0Rn6tod1i0IQ==
y9l9RL7FCnE70WSqGTXtudJ4EyYSii3TPHl2Ta36SiC+/wXvthtbVVrVoYi0hlxxOX1SBuFD7koL7xio8EjtpyNffDgBCxj7n/LLQeQiaqCc4musaJKF/E80X6KOoJrkqf0Rn6tod1i0IQ==
snK6vzj4npAzqYYD2PDS1NJ4EyYSiiLTPHl2Ta36SiC+/wXvthtbVVrVoYi0hlxxOX1SBuFD7koL7xio8EjtpiNffDgBCxj7n/LLQeQiaqCc4musaJKF+E80X6KOoJrkqf0Rn6tod1i0IQ==
5R1HmCZ4MEtwhM6D+IT9JNJ4EyYSiiPTPHl2Ta36SiC+/wXvthtbVVrVoYi0hlxxOX1SBuFD7koL7xio8EjtqSNffDgBCxj7n/LLQeQiaqCc4musaJKF/k40X6KOoJrkqf0Rn6tod1i0IQ==
COAm8sNG+TRLPtu8qH6R4Up6IHCJwnudgEzIpIIZrwSbZja/qPqmnZaalOO3cENiOnFEmNHdDrh52z4qx6R9A3MbNiYf7dY+mP/TKV7AR3SLdPtB23S/c+h+RU2terWUn7H065inFXFbtCA=
Za42RofKT7l9Qas7cEomDSkfg7d6/hliED4MWyvL4NAOT3mBjHjJ3trEDWZhzSvPnMIrDOgyxR5OVJ4CDgBaxKkd0f8riDd4tAE=
wOeooubGV4dv8y5+38XbRlyDze1eIVDupGb0OhhPbyT9QfI0nJgYO1rwqWd5OqHn5tpQt0AUf7lnBJN7yT6hxMHKSaybkTCzBDe5OX+0BA==
pJo5vA+Gp9/3ILGrZWwjiHYhz4R25fHev7VuOWc6aGcqzmdUpbPK2MZEuvhpMrqn7zVzTk2dwZK4yv+8l6P7l4voR43eMHT3iXGB5PeARGRxV6BnH25zHZR+Unx8/lOwGI69IYvo6T7+PCJ4SSGpw9s0T0S0PQ==
Bt10f3Lvz76ZkzljVlGhLXYhz4R25fDev7VuOWc6aGcqzmdUpbPK2MZEuvhpMrqn7zVzTk2dxpK4yv+8l6P7l4voR43eMHT2iXGB5PeARGRxV6BnH25zHZR+Unx8/lOwGI69IIro6T7+PCJ4SSGpw9s0T0S0PQ==
vJmJrgqMb+yg0adpL8WwJnYhz4R25fHev7VuOWc6aGcqzmdUpbPK2MZEuvhpMrqn7zVzTk2dwZK4yv+8l6P7l4voR43eMHT3iXGB5PeARGRxV6BjFnl0HZR+Unx8/lOwGI69Jono6T7+PCJ4SSGpw9s0T0S0PQ==
k1xk7YL6ozjT8DgGBB6pKXYhz4R25fDev7VuOWc6aGcqzmdUpbPK2MZEuvhpMrqn7zVzTk2dxpK4yv+8l6P7l4voR43eMHT2iXGB5PeARGRxV6BjFnl0HZR+Unx8/lOwGI69Jono6T7+PCJ4SSGpw9s0T0S0PQ==
izVPCYuwOhwcbC+P/m6NFQG4c/lcaFLo9idUyIe7N/rvO0ps1jy/ZLHlSTydZ6LZzxePcucwFeHe78oPlyVxtAo=
DsNhyFgTtkGTHjvftyNPmigfg7d6/hliED4MWyvL4NAOT3mBjHjJ3trEDWZhzSvPnMIrDOgyxR9IVJECDgBaxKkd0f8riDd4tAE=
c8IE9S6BH8otVYFKAMPKEW3JlUViWtayizUMB8odVLff4652xXOyGwBtqelsUPnG2tw9XY6h4ffcOnukSFo1hMjM4equqIq8aSWBF0ugB2C0GQ==
g/5Nt5ud+Y5f2Aq6Y6IqSd7fEUthsDB1GzjOiCu93SgjQU1Czghkgd0cHrtGOQsNWg9jZPHd0e+8zZ6P61247icKlqVaUxk/TwI9BQQKwr+JnYwo5dDx5EHFWfwtB3Pfn7d/MvfQpWEOz7rPB0VBtDo=
YXmaC5Z8I7Hr5DIrjem8LN7fEUthsDB1GjjOiCu93SgjQU1Czghkgd0cHrtGOQsNWghjZPHd0e+8zZ6P61247icKl6VaUxk/TwI9BQQKwr+JnYwo5dDx5EHFWfwtB3Ten7d/MvfQpWEOz7rPB0VBtDo=
0meOxui3NoSNgEyv038fBd7fEUthsDB1GzjOiCu93SgjQU1Czghkgd0cHrtGOQsNWg9jZPHd0e+8zZ6P61247icKlqVaUxk/TwI9BQQKxraemowo5dDx5EHFWfwtB3Hen7d/MvfQpWEOz7rPB0VBtDo=
sSzN+oCtrJzKH7ldWJkH1N7fEUthsDB1GjjOiCu93SgjQU1Czghkgd0cHrtGOQsNWghjZPHd0e+8zZ6P61247icKl6VaUxk/TwI9BQQKxraemowo5dDx5EHFWfwtB3Den7d/MvfQpWEOz7rPB0VBtDo=
SeOV7U1TTf7CYpQpKWlKOisfg7d6/hliED4MWyvL4NAOT3mBjHjJ3trEDWZhzSvPnMIrDOgyxRZKVJACDgBaxKkd0f8riDd4tAE=
UpJCZxtZmUVwEKEiGc8a9Pvc+OzSru1DATvK+KpkW0/IybLPeNH/ytpozXGuLXB3jYe0YrUAGpbp4+ZDXWFMgP8q8MjZKKomVLRm6tZKWX9lOVNSC2a0Ew==
gZAHvWXUJW3dZN2Lw759ZDT2+FW7pmre2fVRTaACL1wk9Cthy7Qv0xl5daI9uqX0TzGEC6jn5dELtHA=
07VVMfsd4ctvjqsTZUK3Q4YgOMJxdxrhIlhu8h+NTGC/inBoGUSpRpQU5kqWqlmfJZnT8ssGtHM=
Ey0o3mal/4byrAGaPRFK2Cofg7d6/hliED4MWyvL4NAOT3mBjHjJ3trEDWZhzSvPnMIrDOgyxRZJVJACDgBaxKkd0f8riDd4tAE=
xpKtDOqK116gCP41iQxJZA2CvJB9AACHmHFSp8hJf0NKEG3Z3vWwP12/1IqFGBqe+RvGa605DEivkhCgabAprsTMxkKmkpk3tQEzujt+tBs=
PTHefjJede+AZPhLv23SzDT2+FW7pmre2fVRTaACL1wk9Cthy7Qv0xl4daI9uqX0TzGEC6jn5dELtHA=
vhEwOL8O+VurDgtIrEIVSYYgOMJxdxrhIlhu8h+NTGC/inBoGUSoRpQU5kqWqlmfJZnT8ssGtHM=
UXk8WXfUr6jPppl2y6WNHS0fg7d6/hliED4MWyvL4NAOT3mBjHjJ3trEDWZhzSvPnMIrDOgyxRhIVJACDgBaxKkd0f8riDd4tAE=
vQwziqZqleX5YcbSzrCI2lyDze1eIVDupGb0OhhPayT9QfI0nJgYO1rwqWd5OqHn5tpQt0AUf7lnBJN7zzihysHKSaybkTCzBDe5OX+0BA==
Txo2HJO+6PDm4His48y93jT2+FW7pmre2fVRTaACL1wk9Cthy7Qv0x9/daI9uqX0TzGEC6jn5dELtHA=
JQXfEvsXphhBXBteQ3KC7oYgOMJxdxrhIlhu8h+NTGC/inBoGUKvRpQU5kqWqlmfJZnT8ssGtHM=
wtMoekR61Y6RBqOGEkR7BAK4c/lcaFLo9idUyIe7N/rvO0ps1jy/ZLHlSTydZ6PfzxaPcucwFeHe78oPlyVxtAo=
38pBLF4rpxPBaUK+Z9ERNQW4c/lcaFLo9idUyIe7N/rvO0ps1jy/ZLHlSTydZ6PfzxaPcucwFeHe78oPlyVxtAo=
74VVF/C+zxXFygI+9Fa0OQC4c/lcaFLo9idUyIe7N/rvO0ps1jy/ZLHlSTydZ6PfzxaPcucwFeHe78oPlyVxtAo=
5lWtxyWahIC3sZgtKkSdhwO4c/lcaFLo9idUyIe7N/rvO0ps1jy/ZLHlSTydZ6PfzxaPcucwFeHe78oPlyVxtAo=
bKRV3DVUFkY0yRmgGoolcCwfg7d6/hliED4MWyvL4NAOT3mBjHjJ3trEDWZhzSvPnMIrDOgyxRxOVJACDgBaxKkd0f8riDd4tAE=
shj0r+uHhMVJmUma039MZER1gNAieg7OHl6678jAl+lYYG7Iqu8QOOMju3pjo6wSGmNyRI3tTSz5n+keg64r4mO46YECpw4/sz19tAY=
xuTOitBsB5adiJEE2akhuzT2+FW7pmre2fVRTaACL1wk9Cthy7Qv0xl7das8uqX0TzGEC6jn5dELtHA=
SYVi967jWty9w7AUY7VR6YYgOMJxdxrhIlhu8h+NTGC/inBoGUSrRp0V5kqWqlmfJZnT8ssGtHM=
5HCxZOlypNso4XjXwWEULy8fg7d6/hliED4MWyvL4NAOT3mBjHjJ3trEDWZhzSvPnMIrDOgyxRhLVJkDDgBaxKkd0f8riDd4tAE=
HYn+YuPGBwDHh0tuY/+SAURwgNMieg7OHl6678vAl+lYYG7Iqu8QOOMju3pjo6wSGmNyRI3tTSz5n+0bg6cq4mO46YECpw4/sz19tAY=
Pw6aChPG57C0SyVaYhddei4fg7d6/hliED4MWyvL4NAOT3mBjHjJ3trEDWZhzSvPnMIrDOgyxRZLVJkDDgBaxKkd0f8riDd4tAE=
vtJwfQblYUI5zsen86K9KW3JlUViWtayizUMB8odVLff5a52xXOyGwBtqelsUPnG2tw9XY6h4ffcOnukSFo1jsvM6euuqIq8aSWBF0ugB2C0GQ==
+O2z45W53P46alumWSS8LDT2+FW7pmre2fVRTaACL1wk9Cthy7Qv0xl/das8uqX0TzGEC6jn5dELtHA=
azieF2c8RUl0k9+ow3UarIYgOMJxdxrhIlhu8h+NTGC/inBoGUSvRp0V5kqWqlmfJZnT8ssGtHM=
orqC2F3LoJv8Dxe3O0RGszT2+FW7pmre2fVRTaACL1wk9Cthy7Qv0xV7dao8uqX0TzGEC6jn5dELtHA=
HLE2IbnwMkyoq93daVHVnYYgOMJxdxrhIlhu8h+NTGC/inBoGUirRpwV5kqWqlmfJZnT8ssGtHM=
m48+Ij1RCo6P11ElF54hcDT2+FW7pmre2fVRTaACL1wk9Cthy7Qv0x95dao8uqX0TzGEC6jn5dELtHA=
rSKXr9nJ8q9Lst5Km2cJMYYgOMJxdxrhIlhu8h+NTGC/inBoGUKpRpwV5kqWqlmfJZnT8ssGtHM=
DRMbprXh2TqCiBQnSG0BTTT2+FW7pmre2fVRTaACL1wk9Cthy7Qv0xp5dao8uqX0TzGEC6jn5dELtHA=
0QXPaeqrtUgfo1voKL/vkYYgOMJxdxrhIlhu8h+NTGC/inBoGUepRpwV5kqWqlmfJZnT8ssGtHM=
EXkeQPzL65fgDn8IezPY3jT2+FW7pmre2fVRTaACL1wk9Cthy7Qv0xx4dao8uqX0TzGEC6jn5dELtHA=
hHW66096Rhj4ItzvUUeWHYYgOMJxdxrhIlhu8h+NTGC/inBoGUGoRpwV5kqWqlmfJZnT8ssGtHM=
AKtZxE1e7n8mmp87axpeqjT2+FW7pmre2fVRTaACL1wk9Cthy7Qv0x1/dao8uqX0TzGEC6jn5dELtHA=
A6HEDWj4TR9xblCYwuYMW4YgOMJxdxrhIlhu8h+NTGC/inBoGUCvRpwV5kqWqlmfJZnT8ssGtHM=
gsVWs8dg7fdwmG1QGhWy4zT2+FW7pmre2fVRTaACL1wk9Cthy7Qv0xl/dao8uqX0TzGEC6jn5dELtHA=
/QkHL+0XgwU/JMtPFtiU3oYgOMJxdxrhIlhu8h+NTGC/inBoGUSvRpwV5kqWqlmfJZnT8ssGtHM=
UbK2YK2hg+8zfHzpEX+h2TT2+FW7pmre2fVRTaACL1wk9Cthy7Qv0xt/dao8uqX0TzGEC6jn5dELtHA=
mfprR8aOrlt33N/fnNSoAIYgOMJxdxrhIlhu8h+NTGC/inBoGUavRpwV5kqWqlmfJZnT8ssGtHM=
ETl7Xgo1kuFMsDDquo+kLTT2+FW7pmre2fVRTaACL1wk9Cthy7Qv0xV/dao8uqX0TzGEC6jn5dELtHA=
6Z6VSkL9Pzlfes5PMqYNHYYgOMJxdxrhIlhu8h+NTGC/inBoGUivRpwV5kqWqlmfJZnT8ssGtHM=
RzcwvwSYnKJ8F+zHRqt+fTT2+FW7pmre2fVRTaACL1wk9Cthy7Qv0xV+dao8uqX0TzGEC6jn5dELtHA=
YJ2Z/Z8x8Hl9qXKvKZ1uJoYgOMJxdxrhIlhu8h+NTGC/inBoGUiuRpwV5kqWqlmfJZnT8ssGtHM=
vatfEFfX47pvw5c+ZTOIrDT2+FW7pmre2fVRTaACL1wk9Cthy7Qv0xV7dak8uqX0TzGEC6jn5dELtHA=
yiG3kHuOZjYPnlBdtVPrA4YgOMJxdxrhIlhu8h+NTGC/inBoGUirRp8V5kqWqlmfJZnT8ssGtHM=
gJZ/sP9qXapK61HJdcde2zT2+FW7pmre2fVRTaACL1wk9Cthy7Qv0xV6dak8uqX0TzGEC6jn5dELtHA=
OElrrLLHyhGlfV3nEwVuB4YgOMJxdxrhIlhu8h+NTGC/inBoGUiqRp8V5kqWqlmfJZnT8ssGtHM=
dxyBCf7uJOjJ/TLNQuZb7DT2+FW7pmre2fVRTaACL1wk9Cthy7Qv0xp5dak8uqX0TzGEC6jn5dELtHA=
25iWxqQVlYVXBcV0mMqljoYgOMJxdxrhIlhu8h+NTGC/inBoGUepRp8V5kqWqlmfJZnT8ssGtHM=
Ncsn1DbFH9qDoX6Q024g8TT2+FW7pmre2fVRTaACL1wk9Cthy7Qv0xl+dak8uqX0TzGEC6jn5dELtHA=
x/8ipK1l8ZUk115AgMazqoYgOMJxdxrhIlhu8h+NTGC/inBoGUSuRp8V5kqWqlmfJZnT8ssGtHM=
9ky2HnM21jPKhSymoMbjbDT2+FW7pmre2fVRTaACL1wk9Cthy7Qv0x57dag8uqX0TzGEC6jn5dELtHA=
OsM/CCx3tP+jKnD4edGbVIYgOMJxdxrhIlhu8h+NTGC/inBoGUOrRp4V5kqWqlmfJZnT8ssGtHM=
57xXHtJTOCxKWcGKofAKqTT2+FW7pmre2fVRTaACL1wk9Cthy7Qv0xt6dag8uqX0TzGEC6jn5dELtHA=
YLe/L36Dzpr+kFU8vR4ziIYgOMJxdxrhIlhu8h+NTGC/inBoGUaqRp4V5kqWqlmfJZnT8ssGtHM=
d1VYVDdCI5BwyQfRwK2R6zT2+FW7pmre2fVRTaACL1wk9Cthy7Qv0x55dag8uqX0TzGEC6jn5dELtHA=
rFVsUGYcLGDm1WdgY9amjIYgOMJxdxrhIlhu8h+NTGC/inBoGUOpRp4V5kqWqlmfJZnT8ssGtHM=
G96N67Lqk9pw1ZtfLgAV1TT2+FW7pmre2fVRTaACL1wk9Cthy7Qv0xp5dag8uqX0TzGEC6jn5dELtHA=
Ci9xoOcbZ29KSU3tMbGgoYYgOMJxdxrhIlhu8h+NTGC/inBoGUepRp4V5kqWqlmfJZnT8ssGtHM=
rI7jXNWrbFw3RUECjecR9zT2+FW7pmre2fVRTaACL1wk9Cthy7Qv0xt4dag8uqX0TzGEC6jn5dELtHA=
9Q3R+b1c07gnDNImuYhhzYYgOMJxdxrhIlhu8h+NTGC/inBoGUaoRp4V5kqWqlmfJZnT8ssGtHM=
DwhCh/OR7tHlbnJ9GIYb4DT2+FW7pmre2fVRTaACL1wk9Cthy7Qv0x1/dag8uqX0TzGEC6jn5dELtHA=
34pvotefVr7D0aUVZ71DCYYgOMJxdxrhIlhu8h+NTGC/inBoGUCvRp4V5kqWqlmfJZnT8ssGtHM=
nPbz+ZLvpYLcPP2Ivns9bjT2+FW7pmre2fVRTaACL1wk9Cthy7Qv0xx+dag8uqX0TzGEC6jn5dELtHA=
AoDFW8V3BWme/dd/E3LtsYYgOMJxdxrhIlhu8h+NTGC/inBoGUGuRp4V5kqWqlmfJZnT8ssGtHM=
+Ix2Btu2nwgmtokkg6RR4jT2+FW7pmre2fVRTaACL1wk9Cthy7Qv0x57da88uqX0TzGEC6jn5dELtHA=
j3Q6coCYdFia6kj4X/AhTIYgOMJxdxrhIlhu8h+NTGC/inBoGUOrRpkV5kqWqlmfJZnT8ssGtHM=
dHj4S+Asxk9eHAJXDYTHkTT2+FW7pmre2fVRTaACL1wk9Cthy7Qv0xR7daM8uqX0TzGEC6jn5dELtHA=
0z+w2HO5DwNQ5vbBbze0L4YgOMJxdxrhIlhu8h+NTGC/inBoGUmrRpUV5kqWqlmfJZnT8ssGtHM=
csk9PyzqpwIRVUYZ5pE2/TT2+FW7pmre2fVRTaACL1wk9Cthy7Qv0xh5daM8uqX0TzGEC6jn5dELtHA=
+xByKUw1Nl6VI2BFzaDTn4YgOMJxdxrhIlhu8h+NTGC/inBoGUWpRpUV5kqWqlmfJZnT8ssGtHM=
EwpvcJjXcaMhF/fxE4icM0p6IHCJwnqDnwjZr54OohiqVzGtj5y3xZ2Nif2TAwx5bmEAidrBGbVl6g8t1YMbE3sbNiYf7dY+mP/TKV7AR3SLdPtB23S/c+57RUKserWUn7H065inFXFbtCA=
zC1JlWdNsjIx7Njr2pXsnkp6IHCJwnmDnwjZr54OohiqVzGtj5y3xZ2Nif2TAwx5bmEAidrBGbVl6g8t1YMbEnsbNiYf7dY+mP/TKV7AR3SLdPtB23S/c+p7RUKserWUn7H065inFXFbtCA=
ZMB979ZNfOCOmdYQfL4aC0p6IHCJwniDnwjZr54OohiqVzGtj5y3xZ2Nif2TAwx5bmEAidrBGbVl6g8t1YMbEXsbNiYf7dY+mP/TKV7AR3SLdPtB23S/c+x6RUKserWUn7H065inFXFbtCA=
cCIFaS9A28SCGdevKNiFZUp6IHCJwn+DnwjZr54OohiqVzGtj5y3xZ2Nif2TAwx5bmEAidrBGbVl6g8t1YMbEHsbNiYf7dY+mP/TKV7AR3SLdPtB23S/c+t6RUKserWUn7H065inFXFbtCA=
NcSMR7qLg9AeXeRK9Fd8yUp6IHCJwn2DnwjZr54OohiqVzGtj5y3xZ2Nif2TAwx5bmEAidrBGbVl6g8t1YMbF3sbNiYf7dY+mP/TKV7AR3SLdPtB23S/c+15RUKserWUn7H065inFXFbtCA=
kjuRApqsvgxMOs83C8DDGUp6IHCJwn6DnwjZr54OohiqVzGtj5y3xZ2Nif2TAwx5bmEAidrBGbVl6g8t1YMbFnsbNiYf7dY+mP/TKV7AR3SLdPtB23S/c+t5RUKserWUn7H065inFXFbtCA=
Vvn14Q4e8p3RO0zjxoGG20p6IHCJwnODnwjZr54OohiqVzGtj5y3xZ2Nif2TAwx5bmEAidrBGbVl6g8t1YMbFXsbNiYf7dY+mP/TKV7AR3SLdPtB23S/c+14RUKserWUn7H065inFXFbtCA=
eQDlPXJOddhjn1kpb+OyHkp6IHCJwnyDnwjZr54OohiqVzGtj5y3xZ2Nif2TAwx5bmEAidrBGbVl6g8t1YMbFHsbNiYf7dY+mP/TKV7AR3SLdPtB23S/c+h4RUKserWUn7H065inFXFbtCA=
DTSDQKxFNzHiO/zcN7bQOkp6IHCJwnKDnwjZr54OohiqVzGtj5y3xZ2Nif2TAwx5bmEAidrBGbVl6g8t1YMbG3sbNiYf7dY+mP/TKV7AR3SLdPtB23S/c+1/RUKserWUn7H065inFXFbtCA=
AQczN8vTg+s2XbcufBBCwkp6IHCJwnKDnwjZr54OohiqVzGtj5y3xZ2Nif2TAwx5bmEAidrBGbVl6g8t1YMbG3sbNiYf7dY+nPbELl7AR3SLdPtB23S/c+5/RUKserWUn7H065inFXFbtCA=
ufw1UFbZ/RB6BXR2XFlI7Up6IHCJwnKDnwjZr54OohiqVzGtj5y3xZ2Nif2TAwx5bmEAidrBGbVl6g8t1YMbG3sbNiYf7dY+mP/TKV7AR3SLdPtB23S/c+p/RUKserWUn7H065inFXFbtCA=
1LnLbsxrF1NNBKsrOE/jpOLzo8be2KrJUW7YjtHLwlnC4x9ua0JY9IfczU4zVl9HM7eZz9+nlcpHtNp4c+BvwCAScwnA8sm1XLnfNAd7vGxecmzUN8ZATGHdblJ8uXaOjpa56+2VoxZzWrQn
KMYxDyo1NaRMr8mDUIkvOuLzo8be2KvJUW7YjtHLwlnC4x9ua0JY9IfczU4zVl9HM7eZz9+nlcpHtNp4c+BvwCkRcwnA8sm1XLnfNAd7vGxecmzUN8ZATGHZblJ8uXaOjpa56+2VoxZzWrQn
dDLbU+ge3yo7wxeTcwMl8+Lzo8be2KjJUW7YjtHLwlnC4x9ua0JY9IfczU4zVl9HM7eZz9+nlcpHtNp4c+BvwCgRcwnA8sm1XLnfNAd7vGxecmzUN8ZATGHVblJ8uXaOjpa56+2VoxZzWrQn
5CMPsXq7JEq4jSYXWr2SAOLzo8be2KnJUW7YjtHLwlnC4x9ua0JY9IfczU4zVl9HM7eZz9+nlcpHtNp4c+BvwCsRcwnA8sm1XLnfNAd7vGxecmzUN8ZATGHYa1J1vHaJjpa56+2VoxZzWrQn
ILFWzrXt+iJL8mWG7Kpkl+Lzo8be2K7JUW7YjtHLwlnC4x9ua0JY9IfczU4zVl9HM7eZz9+nlcpHtNp4c+BvwCoRcwnA8sm1XLnfNAd7vGxecmzUN8ZATGHUa1J1vHaJjpa56+2VoxZzWrQn
DBOnIf4Z/PhHFeUtQn2Il+Lzo8be2K/JUW7YjtHLwlnC4x9ua0JY9IfczU4zVl9HM7eZz9+nlcpHtNp4c+BvwC0RcwnA8sm1XLnfNAd7vGxecmzUN8ZATGHfalJ1vHaJjpa56+2VoxZzWrQn
RW2OEf/E+soG0LPJtt1QyV9Cv01iAHrehzyg3SQ9nqN8ygwQ6x37zJIqMBlW0eC62KKvhFdbKz8rgDcVXqiEHCnZ0Zy3uJSMkX+Qfx92QzV0loJEPIYDGLhmTb0JcJFSXpPygIkZ+au7HH9ctCU=
YOR6Z7MW2fe/2HngGb2NnV9Cv01iAHrehzyg3SQ9nqN8ygwQ6h37zJIqMBlW0eC52KKvhFdbKz8rgDcVXqiEHCnZ0Zy3uJSMkX+Qfx92QzV0loJEPIYDGLhmTbkIcJFSXpPygIkZ+au7HH9ctCU=
GJMUZ/R0EEM5HT+W7BZZ60p6IHCJwnvYyhLOpIQfjxicQgTs/I7F/d6WlKrxDFN5Kz8GidzHOalizj1+gK1YVyMvNSYf7dY+mP/TKV7AR3SLdPtB23S/c+1/RUuperKUn7H065inFXFbtCA=
+/hVkxZE4VmgH5C91MBUyEp6IHCJwnvYyhLOpIQfjxicQgTs/47F/d6WlKryDFN5Kz8GidzHOalizj1+gK1YVyMvNSYf7dY+mP/TKV7AR3SLdPtB23S/c+t/RUuperKUn7H065inFXFbtCA=
fotAzhZmHsgpS2WEKqtfijT2+FW7pmre2fVRTaACL1wk9Cthy7Qv0xh6dao5uqL0TzGEC6jn5dELtHA=
IzKs6sCdVqioJMF1InVwr4YgOMJxdxrhIlhu8h+NTGC/inBoGUWqRpwQ5k2WqlmfJZnT8ssGtHM=
/YJfloQJUuYWDRC6vNxaOTT2+FW7pmre2fVRTaACL1wk9Cthy7Qv0xp5dao5uqL0TzGEC6jn5dELtHA=
W++y4Ki/6waigNQqo2oue4YgOMJxdxrhIlhu8h+NTGC/inBoGUepRpwQ5k2WqlmfJZnT8ssGtHM=
FvIFUV01/jJNxy7jv4wLTzT2+FW7pmre2fVRTaACL1wk9Cthy7Qv0x9/dao5uqL0TzGEC6jn5dELtHA=
3JUgM84OsSnVer+E12U1iIYgOMJxdxrhIlhu8h+NTGC/inBoGUKvRpwQ5k2WqlmfJZnT8ssGtHM=
LzHYSNocefLBBppWSlr+gTT2+FW7pmre2fVRTaACL1wk9Cthy7Qv0x17dak5uqL0TzGEC6jn5dELtHA=
qrJRFSawPfg/mPXBxbakEoYgOMJxdxrhIlhu8h+NTGC/inBoGUCrRp8Q5k2WqlmfJZnT8ssGtHM=
kd8zrnKkaBvSPBqNt5yXS2px+9g0A674R91+TXR/Po4LNmaj5mAl7/26JW95Reg1pHTbATv037MIe2WJCfoSVP+xFKv4J7Uxe7QA
TCgktRxhWsZUzVklz+KPt9VhMDtVRnpHMJIFRoi/yFgLM7N6a7PX/UapSgRVnbVMUS9lmwtVR0LcCDHB+vfWH5stdbQO
CXVR5RNpzaNHRyIabcisdl6as2HLJrMXm2e4PG6j4S089FFSWkiV6tFhsyP8LnOgWH4dVIsYQ0o+KwIoyfHJ0xuEL3S0DQ==
a+MK99sqzit8SVXxGKDc0z8U0FtY2P+Jz/3DsQyOvv0tV/SylRAahskgqZfn8cwQX/qwGPk2qzZ/YCY9dtrZ78XpE4IrdrQD
fCc1OXke2baW+hgG+lqLvnwAh4Qv/j9iEitrWyvL4NAOT3mBjHjJ3trEDWZhzSvPnMIrDOgyxRlLVJsGDgdaxKkd0f8riDd4tAE=
SqZGfytdBUSpRDSoRfgv21QSxLo9CQh7z4XyTYcBk2W0Il6ZxctEBg2cmgJBnDkDH51stPcmwOyh9Gtytxz2aU72uQut9SO2M3q0Bw==
km8UXuReYrXd77PcXSGQlBJh/qxYDi7Yq4VQ41LvI+/7vwh0rusRdRzMQVpaQIXS8TlDazxmw3g4ho3SC5DTMt5zsuCJObkLO7w/fLQF
cp9jmSZ6z1LKQx7E4WHsOE7U3MFCMg6HzWkXpvRBMhF/VSPJ3Mb+JV2/1IqFGBqe+QjJb7c5DEivkhCgabArrs/IxkWmkpk3tQEzujt+tBs=
zmWD8oORcq7E5Ph05zaAkU/r3WRiQ8Ka+XpCS90caL+Ss5szi2OwKE53qelsUPnG2tw9ToGl+/fcOnukSFo1jsvM6+6ur4q8aSWBF0ugB2C0GQ==
UTB2Ij7fLpWwKTX4CEpQg/rxy3pn2PLxcA8G9+qHdfIMHXLVN5nzvQR6nsH1EyQePYSaGnGEWdsvxazsR/6gdBFs6+oHhJax/q55U50tQ64DYrQf
N6DkK6HLyugUAW5K4A54+HJiZXNcztWudl1r1o3ROykNaKB70ndTR1vX2MzuE0Fd/KRxQlpYtboREROTfN4TEJgu/UqLCCOafpviWElBaSNbVA9ktB0=
YfgrYqh6C33J0pGuObrJmzT2+FW7pmre2fVRTaACL1wk9Cthy7Qv0xx6dak5uqL0TzGEC6jn5dELtHA=
vzPCw9UdORcsOP3XayAZuYYgOMJxdxrhIlhu8h+NTGC/inBoGUGqRp8Q5k2WqlmfJZnT8ssGtHM=
//Q4eYEXIBIrG0TX9Gd/yWlx+9g0Aq74R91+TXR/Po4LNmaj5mAl7/26JW95Reg1pHTbATv037MIemWJCfoSVP+xFKv4J7Uxe7QA
MDhcobdh1pl3YdfVs9YhTV6as2HLJrMXm2e4PG6j4S089FFSWkiV6tFhsyP8LnOgWH4dV4oYQ0o+KwIoyfHJ0xuEL3S0DQ==
mO/1vknVK4F51z7rXFlxqz8U0FtY2P+Jz/3DsQyOvv0tV/SylRAahskgqZfn8cwQX/qwGPk1qjZ/YCY9dtrZ78XpE4IrdrQD
ZBekYPudK8LbW8AcnXoQQ3wAh4Qv/j9iEitrWyvL4NAOT3mBjHjJ3trEDWZhzSvPnMIrDOgyxRhKVJsGDgdaxKkd0f8riDd4tAE=
rR4ItQ1XUL2CWguRvxuAZkMSxLo9CQh7z4XyTYcBk2W0Il6ZxctEBg2cmgJBnDkDH51stPcmwOyh+mpytxz2aU72uQut9SO2M3q0Bw==
jI5bcssjKLBU5I+Uwud6/hZ2/qxYDi7Yq4VH41LvI+/7vwh0rusRdRzMQVpaQIXS8TlDazxmw3g4ho3cCpDTMt5zsuCJObkLO7w/fLQF
KtDe7ApObAk/m2u1GGibO0jQy8FCMg6HzWkXouNBMhF/VSPJ3Mb+JV2/1IqFGBqe+QjJb7c5DEivkhCgab4qrs/IxkWmkpk3tQEzujt+tBs=
99FC6ZK7h44aO8yJukZDeFjt2XNiQ8Ka+XpCS9sYf7+Ss5szi2OwKE53qelsUPnG2tw9ToGl+/fcOnukSFo1gMrM6+6ur4q8aSWBF0ugB2C0GQ==
1t47q0wu07FoOYIMPfWA7f3mzX5w2PLxcA8G9+qQc/YbHXLVN5nzvQR6nsH1EyQePYSaGnGEWdsvxazsR/6gdBFj6uoHhJax/q55U50tQ64DYrQf
gCLqrtahxbuwDHT6BovmaWFlcnVY2dWudl1r1o3RPD4LbLd70ndTR1vX2MzuE0Fd/KRxQlpYtboREROTfN4TEJgu/UWKCCOafpviWElBaSNbVA9ktB0=
lHjzebtVIujjWha3H3IXI/HJ6uDj4v12QSjorLB/KQ6QxKPKU9myme8tg2GsHj5tjYe0YrUAGpbp8OlHR2FMgP8q8MjZKKomX7Bm7dZKWX9lOVNSC2a0Ew==
ydscSgCHkQT588+CwlXI4x5odzxRf2pJXPzJiAcZJ7XqvORSO6DvNxI7C4vruwBgjr/ZMUwo6c7a1C02oX2LPxxyy3wo4qUGSkR7Vk73OnQpbXFPa1gXaLQR
8gabGFh2M/pNgiuOGEiKYTT2+FW7pmre2fVRTaACL1wk9Cthy7Qv0xR6dak5uqL0TzGEC6jn5dELtHA=
VDnraLvNKAtB90vxPhcpCYYgOMJxdxrhIlhu8h+NTGC/inBoGUmqRp8Q5k2WqlmfJZnT8ssGtHM=
mSp6sbS4psTtbLqkFVWp9jT2+FW7pmre2fVRTaACL1wk9Cthy7Qv0xx/dak5uqL0TzGEC6jn5dELtHA=
He4jfzJ143LftHRtTx+ExIYgOMJxdxrhIlhu8h+NTGC/inBoGUGvRp8Q5k2WqlmfJZnT8ssGtHM=
0ZyhTf5yLIJM/F+ikQ0EUzT2+FW7pmre2fVRTaACL1wk9Cthy7Qv0xt/dak5uqL0TzGEC6jn5dELtHA=
Q6FVKYsmU0cNwZncb7U0w4YgOMJxdxrhIlhu8h+NTGC/inBoGUavRp8Q5k2WqlmfJZnT8ssGtHM=
QCxeH/VBgWvgygVvvb8ARzT2+FW7pmre2fVRTaACL1wk9Cthy7Qv0xx+dak5uqL0TzGEC6jn5dELtHA=
S7HAzBcDZLd/wUhZu4X+tYYgOMJxdxrhIlhu8h+NTGC/inBoGUKuRp8Q5k2WqlmfJZnT8ssGtHM=
KraZlJk3p8ytu15U/ARvvge4c/lcaFLo9idUyIe7N/rvO0ps1jy/ZLHlSTydZ6DbzxuLcuAwFeHe78oPlyVxtAo=
JdSkPVZJc2t1Il/OvZiRAAS4c/lcaFLo9idUyIe7N/rvO0ps1jy/ZLHlSTydZ6DbzxuLcuAwFeHe78oPlyVxtAo=
Sd31ZnQdZgT2t0aRRT7ALN7fEUthsDB1GzjOiCu93SgjQU1Czghigd0cHrtGOQsNWg9jZPHd0e+8zZ6P61247icKlqVaUxk/TwI9BQQKwr+JnYwo5dDx5EHFWfwtB3fZn7t7MvDQpWEOz7rPB0VBtDo=
aX7xIFqpORRdJtGduKLf+97fEUthsDB1GjjOiCu93SgjQU1Czghigd0cHrtGOQsNWghjZPHd0e+8zZ6P61247icKl6VaUxk/TwI9BQQKwr+JnYwo5dDx5EHFWfwtB3PZn7t7MvDQpWEOz7rPB0VBtDo=
1k/zm5dAMBineUFplIQIlN7fEUthsDB1GzjOiCu93SgjQU1Czghigd0cHrtGOQsNWg9jZPHd0e+8zZ6P61247icKlqVaUxk/TwI9BQQKxraemowo5dDx5EHFWfwtB3Hfn7t7MvDQpWEOz7rPB0VBtDo=
Ng1kjzUh6yykwsiQ+Zb6Zt7fEUthsDB1GjjOiCu93SgjQU1Czghigd0cHrtGOQsNWghjZPHd0e+8zZ6P61247icKl6VaUxk/TwI9BQQKxraemowo5dDx5EHFWfwtB3Dfn7t7MvDQpWEOz7rPB0VBtDo=
wMRefbI50Q1p45KyhlKk/zT2+FW7pmre2fVRTaACL1wk9Cthy7Qv0xR7dak7uqL0TzGEC6jn5dELtHA=
0Cok0q+g3prHdysoKO/mOoYgOMJxdxrhIlhu8h+NTGC/inBoGUmrRp8S5k2WqlmfJZnT8ssGtHM=
NTKOjHqUn4CcKVT+8AWYuDT2+FW7pmre2fVRTaACL1wk9Cthy7Qv0xt4dak7uqL0TzGEC6jn5dELtHA=
L9J8hftUJ6rLUkssQdzsVIYgOMJxdxrhIlhu8h+NTGC/inBoGUaoRp8S5k2WqlmfJZnT8ssGtHM=
/KhKIsOC0vbZTOOGQy6rxSEfg7d6/hliED4MWyvL4NAOT3mBjHjJ3trEDWZhzSvPnMIrDOgyxRlLVJ0EDgdaxKkd0f8riDd4tAE=
ErMEGo7zwbd3/gNUQVooBERwgNMieg7OHl6678XAl+lYYG7Iqu8QOOMju3pjo6wSGmNyRI3tTSz5n+wbg6Mt4mS46YECpw4/sz19tAY=
CfPoyj55ebl7ayI4u2X1xCAfg7d6/hliED4MWyvL4NAOT3mBjHjJ3trEDWZhzSvPnMIrDOgyxRlKVJ0EDgdaxKkd0f8riDd4tAE=
CZFAwSQ/y/2Mo/U9so36CER1gdAieg7OHl6678TAl+lYYG7Iqu8QOOMju3pjo6wSGmNyRI3tTSz5n+wag6Mt4mS46YECpw4/sz19tAY=
JnSaJh4a/YpctfJXsnT0u1SmdOxHYiD2vidD1J6Mc+CzLFl3zja/ZLHlSTydZ6XZzxuJcuAwFeHe78oPlyVxtAo=
/phLNr73klgh2DnzzIBTMRkg1ohvMgffWlSluprblPNCbBzL4u8HJPoU/2A/tL0HCn5jRI3tTSz5n+kZg6Mt4mS46YECpw4/sz19tAY=
iaDCQd4rHd8CeBTR2yHiaCZ52xnPusrw5/v8Y1c0+diChEgtaPzTEabQvBWHOA/e1rCYWyVsGO8ayIBOdm5jp/gc7CSXlgCcge5pYpFuNtkuZjmbTUVjRhNqtBc=
zKb7VFLGllHBMk2yJSmLNG0EnqYvsmIkFmdLEnfA4tJIHXmWkGH+msCYGmR72SzenMIrDOgyxRxJVJ0EDgdaxKkd0f8riDd4tAE=
YR4A6FXaWGxcPgzmJGYqvSd52xnPusrw5/v8Y1c0+diChEgtaPzTEabQvBWHOA/e1rCYWyVsGO8ayIBOdm5jp/gc7CSXlgCcge5pYpFuNtkuZjmbTUVjRhNqtBc=
rdvYjQ9OsCI4O77tcLzWHzT2+FW7pmre2fVRTaACL1wk9Cthy7Qv0xR5da87uqL0TzGEC6jn5dELtHA=
4AwXSqb3i97/7G/qr675aYYgOMJxdxrhIlhu8h+NTGC/inBoGUmpRpkS5k2WqlmfJZnT8ssGtHM=
36m0K59l3DobRIGNpAqHzTT2+FW7pmre2fVRTaACL1wk9Cthy7Qv0xx+da87uqL0TzGEC6jn5dELtHA=
oKSTvnuMgrCqHefVhqzkPYYgOMJxdxrhIlhu8h+NTGC/inBoGUGuRpkS5k2WqlmfJZnT8ssGtHM=
VIZKmHRwdE2ku8ffXom/GQi4c/lcaFLo9idUyIe7N/rvO0ps1jy/ZLHlSTydZ6TezxuJcuAwFeHe78oPlyVxtAo=
1RkgP4DtC60+Kp8Dk/KmQwm4c/lcaFLo9idUyIe7N/rvO0ps1jy/ZLHlSTydZ6PezxuJcuAwFeHe78oPlyVxtAo=
Ka84RM8/sIIfHhhUKK3C1FSmdOxHYiD2vidD1J6Mc+C8LFl3zja/ZLHlSTydZ6TbzxqJcuAwFeHe78oPlyVxtAo=
Mm1/tgWKhYczERRm4JdjFRkg1ohvMgffWlSluprblPNCbBzL4u8HJPoU/2AwtL0HCn5jRI3tTSz5n+gbg6It4mS46YECpw4/sz19tAY=
33594KYmJ51wlB7E4e7TzgUoysFwJRbeFUP37NTVm/tDYF/A4u8HJPoU/2AwtL0HCn5jRI3tTSz5n+gbg6It4mS46YECpw4/sz19tAY=
6wjp26h+vDj4IHEYtSD/uxEv3cEhaRDODkS4vdDVm/tDYF/A4u8HJPoU/2AwtL0HCn5jRI3tTSz5n+4bg6It4mS46YECpw4/sz19tAY=
0uX0hbtFUeKnzLZgi8JOsxkg1ohvMgffWlSluprblPNCbBzL4u8HJPoU/2AwtL0HCn5jRI3tTSz5n+4bg6It4mS46YECpw4/sz19tAY=
qzNzAEeqGRS5+EWLGBeNDCZ52xnPusrw5/v8Y1c0+diChEgtaPzTEabQvBWHOA/e1rCYWyVsGO8ayIBBdm5jp/gc7CSXlgCcgelrYpBuNtkuZjmbTUVjRhNqtBc=
0GQrooLvlTVMwFBPaX3wC20EnqYvsmIkFmdLEnfA4tJIHXmWkGH+msCXGmR72SzenMIrDOgyxRdLVJwEDgdaxKkd0f8riDd4tAE=
8gXyWrFoKDJPPLsb5dlo+SZ52xnPusrw5/v8Y1c0+diChEgtaPzTEabQvBWHOA/e1rCYWyVsGO8ayIBBdm5jp/gc7CSXlgCcgeVrYpBuNtkuZjmbTUVjRhNqtBc=
0GQrooLvlTVMwFBPaX3wC20EnqYvsmIkFmdLEnfA4tJIHXmWkGH+msCXGmR72SzenMIrDOgyxRdLVJwEDgdaxKkd0f8riDd4tAE=
jkIMmH1qbyyE/F6SpqIBsyZ52hnPusrw5/v8Y1c0+diChEgtaPzTEabQvBWHOA/e1rCYWyVsGO8ayIBBdm5jp/gc7CSXlgCcgeVrYpBuNtkuZjmbTUVjRhNqtBc=
0GQrooLvlTVMwFBPaX3wC20EnqYvsmIkFmdLEnfA4tJIHXmWkGH+msCXGmR72SzenMIrDOgyxRdLVJwEDgdaxKkd0f8riDd4tAE=
jkIMmH1qbyyE/F6SpqIBsyZ52hnPusrw5/v8Y1c0+diChEgtaPzTEabQvBWHOA/e1rCYWyVsGO8ayIBBdm5jp/gc7CSXlgCcgeVrYpBuNtkuZjmbTUVjRhNqtBc=
Xv4P/cGAPLmXqKpj067k1G0EnqYvsmIkFmdLEnfA4tJIHXmWkGH+msCXGmR72SzenMIrDOgyxR5KVJwEDgdaxKkd0f8riDd4tAE=
bsw8uCp8E0mhzXkzC+6TKCZ52xnPusrw5/v8Y1c0+diChEgtaPzTEabQvBWHOA/e1rCYWyVsGO8ayIBBdm5jp/gc7CSXlgCcgexqYpBuNtkuZjmbTUVjRhNqtBc=
kFKIS6JXnJb5u1tImcLSg20EnqYvsmIkFmdLEnfA4tJIHXmWkGH+msCXGmR72SzenMIrDOgyxRxLVJ8EDgdaxKkd0f8riDd4tAE=
F5NQaU72hsizlMJk6Y/GpCZ52xnPusrw5/v8Y1c0+diChEgtaPzTEabQvBWHOA/e1rCYWyVsGO8ayIBBdm5jp/gc7CSXlgCcge5rYpNuNtkuZjmbTUVjRhNqtBc=
S4evvVTj4c+i01qYR4pkBh5g5slgRrPPEcBvPnR/Po4LNmaj5mAl7/26JW95Reg1pHTbATv037MNf2WNC/oSVP+xFKv4J7Uxe7QA
N+R5sASHc09PvJ5pbPxP3kYDo/MZc2LSu8pupg+/Fqq1rwpH4PERdRzMQVpaQIXB/j1Zazxmw3g4ho3aD5DXMN5zsuCJObkLO7w/fLQF
72bCU06gKudeqi9vkHq9tjT2+FW7pmre2fVRTaACL1wk9Cthy7Qv0x5/da07uqL0TzGEC6jn5dELtHA=
es3Ck+D85cyMEmQdL5ZviIYgOMJxdxrhIlhu8h+NTGC/inBoGUOvRpsS5k2WqlmfJZnT8ssGtHM=
okwmUERHAuNqremif9U9Pga4c/lcaFLo9idUyIe7N/rvO0ps1jy/ZLHlSTydZ6LfzxmJcuAwFeHe78oPlyVxtAo=
